<?xml version="1.0" encoding="utf-8"?>
<TestRun id="28d49d07-dcde-409c-9675-8ac89f85f116" name="user@DESKTOP-51BJN2P 2026-08-12 21:28:12" runUser="DESKTOP-51BJN2P\user" xmlns="http://microsoft.com/schemas/VisualStudio/TeamTest/2010">
  <Times creation="2026-08-12T21:28:12.5659893+03:00" queuing="2026-08-12T21:28:12.5659897+03:00" start="2026-08-12T21:28:03.5101708+03:00" finish="2026-08-12T21:29:03.0447826+03:00" />
  <TestSettings name="default" id="344d7ceb-3a66-48b9-910b-f913bc98900a">
    <Deployment runDeploymentRoot="user_DESKTOP-51BJN2P_2026-08-12_21_28_12" />
  </TestSettings>
  <Results>
    <UnitTestResult executionId="19c6e9b8-928a-4917-aeba-60e22b9ba0f1" testId="7e624d78-79e3-fbbe-1e3e-4d5e50c825f1" testName="RunningApp.IntegrationTests.Gen3BThreeDayPublicActivationTests.WrongCombination_NeverNearestMatches(level: &quot;intermediate&quot;, days: 5)" computerName="DESKTOP-51BJN2P" duration="00:00:02.1663855" startTime="2026-08-12T21:28:43.9754118+03:00" endTime="2026-08-12T21:28:43.9754120+03:00" testType="13cdc9d9-ddb5-4fa4-a97d-d965ccfc6d4b" outcome="Passed" testListId="8c84fa94-04c1-424b-9868-57a2d4851a1d" relativeResultsDirectory="19c6e9b8-928a-4917-aeba-60e22b9ba0f1" />
    <UnitTestResult executionId="cacb3131-24de-47a0-a79a-2ea8f631646a" testId="7be46e83-5023-1784-8012-e3f421198521" testName="RunningApp.IntegrationTests.RuntimeCatalog.Prescription.Volume.Gen3AThreeDayEligibilityMatrixTests.ExplicitZero_UsesApprovedProjectionAndTypedEligibility(weeks: 9, preTaper: 18,5, taper: 10, eligible: False)" computerName="DESKTOP-51BJN2P" duration="00:00:00.0211008" startTime="2026-08-12T21:29:02.4642212+03:00" endTime="2026-08-12T21:29:02.4642229+03:00" testType="13cdc9d9-ddb5-4fa4-a97d-d965ccfc6d4b" outcome="Passed" testListId="8c84fa94-04c1-424b-9868-57a2d4851a1d" relativeResultsDirectory="cacb3131-24de-47a0-a79a-2ea8f631646a" />
    <UnitTestResult executionId="f9dd42fc-d244-4d5d-8467-a0bce998b1b0" testId="159b6fc4-178a-3f37-a7be-7c494abb95c4" testName="RunningApp.IntegrationTests.RuntimeCatalog.Schedule.Materialization.Gen3AThreeDayCoreTests.DynamicAuthority_ProducesCanonicalThreeRoleWeeks(weeks: 11)" computerName="DESKTOP-51BJN2P" duration="00:00:00.0044450" startTime="2026-08-12T21:29:02.8901295+03:00" endTime="2026-08-12T21:29:02.8901297+03:00" testType="13cdc9d9-ddb5-4fa4-a97d-d965ccfc6d4b" outcome="Passed" testListId="8c84fa94-04c1-424b-9868-57a2d4851a1d" relativeResultsDirectory="f9dd42fc-d244-4d5d-8467-a0bce998b1b0" />
    <UnitTestResult executionId="c6a9eb79-0a3b-4084-930a-3adb58ad72c4" testId="6c93df5d-c842-401e-9408-8b0d7e4cd272" testName="RunningApp.IntegrationTests.Gen3BThreeDayPublicActivationTests.ExplicitZeroShortCore_ReturnsTypedProductIneligibility(weeks: 9)" computerName="DESKTOP-51BJN2P" duration="00:00:02.1941827" startTime="2026-08-12T21:28:50.5323569+03:00" endTime="2026-08-12T21:28:50.5323572+03:00" testType="13cdc9d9-ddb5-4fa4-a97d-d965ccfc6d4b" outcome="Passed" testListId="8c84fa94-04c1-424b-9868-57a2d4851a1d" relativeResultsDirectory="c6a9eb79-0a3b-4084-930a-3adb58ad72c4" />
    <UnitTestResult executionId="0e20bfa6-72ef-48d3-afb9-96e939d53589" testId="e971d7aa-8424-941b-e813-3d18f2015399" testName="RunningApp.IntegrationTests.Gen3BThreeDayPublicActivationTests.EligibleThreeDayCoreHorizon_PublicPreviewHasExactlyThreeRoles(weeks: 10)" computerName="DESKTOP-51BJN2P" duration="00:00:02.2300329" startTime="2026-08-12T21:28:39.6237311+03:00" endTime="2026-08-12T21:28:39.6237313+03:00" testType="13cdc9d9-ddb5-4fa4-a97d-d965ccfc6d4b" outcome="Passed" testListId="8c84fa94-04c1-424b-9868-57a2d4851a1d" relativeResultsDirectory="0e20bfa6-72ef-48d3-afb9-96e939d53589" />
    <UnitTestResult executionId="0d68554c-c47b-48c3-8ac7-8c593428f4be" testId="f234ebc0-9143-b141-d969-2fa13ce463d9" testName="RunningApp.IntegrationTests.RuntimeCatalog.Schedule.Materialization.Gen3AThreeDayCoreTests.Calendar_ThreeDayPatterns_PreserveResolvedCardinalityAndSeparation(preferred: [Monday, Friday, Sunday], longRunDay: Friday)" computerName="DESKTOP-51BJN2P" duration="00:00:00.0002665" startTime="2026-08-12T21:29:02.9056879+03:00" endTime="2026-08-12T21:29:02.9056880+03:00" testType="13cdc9d9-ddb5-4fa4-a97d-d965ccfc6d4b" outcome="Passed" testListId="8c84fa94-04c1-424b-9868-57a2d4851a1d" relativeResultsDirectory="0d68554c-c47b-48c3-8ac7-8c593428f4be" />
    <UnitTestResult executionId="aee5ed30-3598-4010-a8c1-116ce0fb7631" testId="480b4c39-1238-87de-13ff-028f310636d7" testName="RunningApp.IntegrationTests.RuntimeCatalog.Schedule.Materialization.Gen3AThreeDayCoreTests.DynamicAuthority_ProducesCanonicalThreeRoleWeeks(weeks: 12)" computerName="DESKTOP-51BJN2P" duration="00:00:00.0036093" startTime="2026-08-12T21:29:02.8940649+03:00" endTime="2026-08-12T21:29:02.8940651+03:00" testType="13cdc9d9-ddb5-4fa4-a97d-d965ccfc6d4b" outcome="Passed" testListId="8c84fa94-04c1-424b-9868-57a2d4851a1d" relativeResultsDirectory="aee5ed30-3598-4010-a8c1-116ce0fb7631" />
    <UnitTestResult executionId="3b23bdb0-4221-416c-8cad-27fd82eb18e9" testId="80560464-9e6c-a238-9a16-68bc6f5c55da" testName="RunningApp.IntegrationTests.Gen3BThreeDayPublicActivationTests.TwelveWeek_ResetPreviewConfirmReadAndComplete_PersistsExactlyThirtySixDays" computerName="DESKTOP-51BJN2P" duration="00:00:03.0792548" startTime="2026-08-12T21:29:02.3847132+03:00" endTime="2026-08-12T21:29:02.3847135+03:00" testType="13cdc9d9-ddb5-4fa4-a97d-d965ccfc6d4b" outcome="Passed" testListId="8c84fa94-04c1-424b-9868-57a2d4851a1d" relativeResultsDirectory="3b23bdb0-4221-416c-8cad-27fd82eb18e9" />
    <UnitTestResult executionId="316e29a1-2ae0-4103-a813-78e4c5d48b5e" testId="b62bd90e-38ac-7236-174e-f0311ac8384b" testName="RunningApp.IntegrationTests.RuntimeCatalog.Prescription.Volume.Gen3AThreeDayEligibilityMatrixTests.ExplicitZero_UsesApprovedProjectionAndTypedEligibility(weeks: 11, preTaper: 21, taper: 11, eligible: False)" computerName="DESKTOP-51BJN2P" duration="00:00:00.0326490" startTime="2026-08-12T21:29:02.4427411+03:00" endTime="2026-08-12T21:29:02.4427413+03:00" testType="13cdc9d9-ddb5-4fa4-a97d-d965ccfc6d4b" outcome="Passed" testListId="8c84fa94-04c1-424b-9868-57a2d4851a1d" relativeResultsDirectory="316e29a1-2ae0-4103-a813-78e4c5d48b5e" />
    <UnitTestResult executionId="ffdb9c51-8ba9-493f-b426-1b20a5c7dbcc" testId="dfcdb99f-5407-851e-eb08-735d0b2b9ea8" testName="RunningApp.IntegrationTests.RuntimeCatalog.Schedule.Materialization.Gen3AThreeDayCoreTests.DynamicAuthority_ProducesCanonicalThreeRoleWeeks(weeks: 14)" computerName="DESKTOP-51BJN2P" duration="00:00:00.0036558" startTime="2026-08-12T21:29:02.8808524+03:00" endTime="2026-08-12T21:29:02.8808526+03:00" testType="13cdc9d9-ddb5-4fa4-a97d-d965ccfc6d4b" outcome="Passed" testListId="8c84fa94-04c1-424b-9868-57a2d4851a1d" relativeResultsDirectory="ffdb9c51-8ba9-493f-b426-1b20a5c7dbcc" />
    <UnitTestResult executionId="bd8f9300-fbc3-4357-89f5-e6e1d210c700" testId="418a3775-c0cc-e457-69e2-35adb5aa5f2d" testName="RunningApp.IntegrationTests.RuntimeCatalog.Prescription.Volume.Gen3AThreeDayEligibilityMatrixTests.ExplicitZero_UsesApprovedProjectionAndTypedEligibility(weeks: 8, preTaper: 17,5, taper: 9,5, eligible: False)" computerName="DESKTOP-51BJN2P" duration="00:00:00.0482152" startTime="2026-08-12T21:29:02.5640667+03:00" endTime="2026-08-12T21:29:02.5640669+03:00" testType="13cdc9d9-ddb5-4fa4-a97d-d965ccfc6d4b" outcome="Passed" testListId="8c84fa94-04c1-424b-9868-57a2d4851a1d" relativeResultsDirectory="bd8f9300-fbc3-4357-89f5-e6e1d210c700" />
    <UnitTestResult executionId="7dbcd14c-3381-4e44-8c46-6e714527f886" testId="d01a190c-3faf-2d41-67f6-077e45383d31" testName="RunningApp.IntegrationTests.RuntimeCatalog.Prescription.Session.Gen3AThreeDayAllocationMatrixTests.Allocate_BelowFloorOrNonReconcilable_FailsClosed(weekly: 11,75)" computerName="DESKTOP-51BJN2P" duration="00:00:00.0001807" startTime="2026-08-12T21:29:02.8676091+03:00" endTime="2026-08-12T21:29:02.8676092+03:00" testType="13cdc9d9-ddb5-4fa4-a97d-d965ccfc6d4b" outcome="Passed" testListId="8c84fa94-04c1-424b-9868-57a2d4851a1d" relativeResultsDirectory="7dbcd14c-3381-4e44-8c46-6e714527f886" />
    <UnitTestResult executionId="b114ee67-dafa-4464-a7dd-660713d07f04" testId="7c5c935d-4abb-b480-0250-1c78b708af5c" testName="RunningApp.IntegrationTests.RuntimeCatalog.Prescription.Session.Gen3AThreeDayAllocationMatrixTests.Allocate_BelowFloorOrNonReconcilable_FailsClosed(weekly: 0)" computerName="DESKTOP-51BJN2P" duration="00:00:00.0004526" startTime="2026-08-12T21:29:02.8671708+03:00" endTime="2026-08-12T21:29:02.8671709+03:00" testType="13cdc9d9-ddb5-4fa4-a97d-d965ccfc6d4b" outcome="Passed" testListId="8c84fa94-04c1-424b-9868-57a2d4851a1d" relativeResultsDirectory="b114ee67-dafa-4464-a7dd-660713d07f04" />
    <UnitTestResult executionId="ba7b8798-6405-45e7-97a0-34e17c252a74" testId="12d4f6b1-4fe6-663c-6af9-811ae2682dd3" testName="RunningApp.IntegrationTests.RuntimeCatalog.Prescription.Session.Gen3AThreeDayAllocationMatrixTests.Allocate_MatchesApprovedMatrix_AndAllHardConstraints(weekly: 16, key: 5,5, easy: 4, longer: 6,5)" computerName="DESKTOP-51BJN2P" duration="00:00:00.0000089" startTime="2026-08-12T21:29:02.8664038+03:00" endTime="2026-08-12T21:29:02.8664038+03:00" testType="13cdc9d9-ddb5-4fa4-a97d-d965ccfc6d4b" outcome="Passed" testListId="8c84fa94-04c1-424b-9868-57a2d4851a1d" relativeResultsDirectory="ba7b8798-6405-45e7-97a0-34e17c252a74" />
    <UnitTestResult executionId="8e3af892-dc96-4c49-95dd-d32374f5c5de" testId="eb3875c2-6230-f5e5-902e-e3617ddf079d" testName="RunningApp.IntegrationTests.Gen3BThreeDayPublicActivationTests.NonCoreThreeDayHorizons_RemainUnactivated(weeks: 20)" computerName="DESKTOP-51BJN2P" duration="00:00:02.3376687" startTime="2026-08-12T21:28:14.8823805+03:00" endTime="2026-08-12T21:28:14.8823806+03:00" testType="13cdc9d9-ddb5-4fa4-a97d-d965ccfc6d4b" outcome="Passed" testListId="8c84fa94-04c1-424b-9868-57a2d4851a1d" relativeResultsDirectory="8e3af892-dc96-4c49-95dd-d32374f5c5de" />
    <UnitTestResult executionId="83072c42-c7bf-4d18-a6aa-866220171b91" testId="30537790-6ae5-e23a-f439-b2731f62804c" testName="RunningApp.IntegrationTests.Gen3BThreeDayPublicActivationTests.NonCoreThreeDayHorizons_RemainUnactivated(weeks: 15)" computerName="DESKTOP-51BJN2P" duration="00:00:06.8859702" startTime="2026-08-12T21:28:12.5326824+03:00" endTime="2026-08-12T21:28:12.5327004+03:00" testType="13cdc9d9-ddb5-4fa4-a97d-d965ccfc6d4b" outcome="Passed" testListId="8c84fa94-04c1-424b-9868-57a2d4851a1d" relativeResultsDirectory="83072c42-c7bf-4d18-a6aa-866220171b91" />
    <UnitTestResult executionId="98a788e0-5b34-4fe1-99d0-f2e0c5acb4e7" testId="905ac14d-76bd-f918-0181-eedbbfbef558" testName="RunningApp.IntegrationTests.RuntimeCatalog.Prescription.Session.Gen3AThreeDayAllocationMatrixTests.Allocate_InvalidResolvedLongRun_FailsClosedDeterministically(weekly: 12, resolvedLong: 4,5)" computerName="DESKTOP-51BJN2P" duration="00:00:00.0001977" startTime="2026-08-12T21:29:02.8692361+03:00" endTime="2026-08-12T21:29:02.8692362+03:00" testType="13cdc9d9-ddb5-4fa4-a97d-d965ccfc6d4b" outcome="Passed" testListId="8c84fa94-04c1-424b-9868-57a2d4851a1d" relativeResultsDirectory="98a788e0-5b34-4fe1-99d0-f2e0c5acb4e7" />
    <UnitTestResult executionId="d9699c6e-c430-4285-901f-a61b0427404e" testId="db0f1710-32c9-780e-b7e6-25a04b4fb966" testName="RunningApp.IntegrationTests.Gen3BThreeDayPublicActivationTests.NonCoreThreeDayHorizons_RemainUnactivated(weeks: 21)" computerName="DESKTOP-51BJN2P" duration="00:00:02.2006774" startTime="2026-08-12T21:28:17.0845269+03:00" endTime="2026-08-12T21:28:17.0845270+03:00" testType="13cdc9d9-ddb5-4fa4-a97d-d965ccfc6d4b" outcome="Passed" testListId="8c84fa94-04c1-424b-9868-57a2d4851a1d" relativeResultsDirectory="d9699c6e-c430-4285-901f-a61b0427404e" />
    <UnitTestResult executionId="f14a599b-02cc-4bf1-8cd7-8f0f9580f861" testId="3079bccc-f6f0-17ed-a7aa-9052bbded7da" testName="RunningApp.IntegrationTests.RuntimeCatalog.Schedule.Materialization.Gen3AThreeDayCoreTests.Calendar_ThreeDayPatterns_PreserveResolvedCardinalityAndSeparation(preferred: [Tuesday, Thursday, Saturday], longRunDay: Tuesday)" computerName="DESKTOP-51BJN2P" duration="00:00:00.0000693" startTime="2026-08-12T21:29:02.9059294+03:00" endTime="2026-08-12T21:29:02.9059295+03:00" testType="13cdc9d9-ddb5-4fa4-a97d-d965ccfc6d4b" outcome="Passed" testListId="8c84fa94-04c1-424b-9868-57a2d4851a1d" relativeResultsDirectory="f14a599b-02cc-4bf1-8cd7-8f0f9580f861" />
    <UnitTestResult executionId="e4390afc-fefc-47fd-8949-e71e18ebef7a" testId="124c9402-d4d2-fee5-5c27-3ce9fd21c82e" testName="RunningApp.IntegrationTests.Gen3BThreeDayPublicActivationTests.EligibleThreeDayCoreHorizon_PublicPreviewHasExactlyThreeRoles(weeks: 12)" computerName="DESKTOP-51BJN2P" duration="00:00:02.2501709" startTime="2026-08-12T21:28:32.9543602+03:00" endTime="2026-08-12T21:28:32.9543603+03:00" testType="13cdc9d9-ddb5-4fa4-a97d-d965ccfc6d4b" outcome="Passed" testListId="8c84fa94-04c1-424b-9868-57a2d4851a1d" relativeResultsDirectory="e4390afc-fefc-47fd-8949-e71e18ebef7a" />
    <UnitTestResult executionId="c22ce17a-cea1-40c0-905f-5dee24f358cb" testId="1bb57da5-96a9-4271-9498-071427f49e82" testName="RunningApp.IntegrationTests.RuntimeCatalog.Schedule.Materialization.Gen3AThreeDayCoreTests.Calendar_ThreeDayPatterns_PreserveResolvedCardinalityAndSeparation(preferred: [Tuesday, Wednesday, Saturday], longRunDay: Saturday)" computerName="DESKTOP-51BJN2P" duration="00:00:00.0035801" startTime="2026-08-12T21:29:02.9053394+03:00" endTime="2026-08-12T21:29:02.9053396+03:00" testType="13cdc9d9-ddb5-4fa4-a97d-d965ccfc6d4b" outcome="Passed" testListId="8c84fa94-04c1-424b-9868-57a2d4851a1d" relativeResultsDirectory="c22ce17a-cea1-40c0-905f-5dee24f358cb" />
    <UnitTestResult executionId="963c0045-a12b-4408-85df-ee27ea1a778f" testId="4a01dd23-7d80-f781-cf72-68e15a4c0676" testName="RunningApp.IntegrationTests.RuntimeCatalog.Prescription.Volume.Gen3AThreeDayEligibilityMatrixTests.ExplicitZero_UsesApprovedProjectionAndTypedEligibility(weeks: 10, preTaper: 19,5, taper: 10,5, eligible: False)" computerName="DESKTOP-51BJN2P" duration="00:00:00.0195276" startTime="2026-08-12T21:29:02.6025379+03:00" endTime="2026-08-12T21:29:02.6025381+03:00" testType="13cdc9d9-ddb5-4fa4-a97d-d965ccfc6d4b" outcome="Passed" testListId="8c84fa94-04c1-424b-9868-57a2d4851a1d" relativeResultsDirectory="963c0045-a12b-4408-85df-ee27ea1a778f" />
    <UnitTestResult executionId="f6f84102-bb16-4039-b47f-0d19c0a17dde" testId="f4c5368b-4e3c-ddd0-aad9-92db329cb0ae" testName="RunningApp.IntegrationTests.RuntimeCatalog.Schedule.Materialization.Gen3AThreeDayCoreTests.DynamicAuthority_ProducesCanonicalThreeRoleWeeks(weeks: 8)" computerName="DESKTOP-51BJN2P" duration="00:00:00.0059722" startTime="2026-08-12T21:29:02.8768529+03:00" endTime="2026-08-12T21:29:02.8768532+03:00" testType="13cdc9d9-ddb5-4fa4-a97d-d965ccfc6d4b" outcome="Passed" testListId="8c84fa94-04c1-424b-9868-57a2d4851a1d" relativeResultsDirectory="f6f84102-bb16-4039-b47f-0d19c0a17dde" />
    <UnitTestResult executionId="d5ba8c8f-7b79-408a-9d20-01f680e05175" testId="ff61928a-bc03-b821-d6ca-90934c1c2fa9" testName="RunningApp.IntegrationTests.RuntimeCatalog.Prescription.Session.Gen3AThreeDayAllocationMatrixTests.Allocate_MatchesApprovedMatrix_AndAllHardConstraints(weekly: 18, key: 6,5, easy: 4,5, longer: 7)" computerName="DESKTOP-51BJN2P" duration="00:00:00.0000090" startTime="2026-08-12T21:29:02.8666606+03:00" endTime="2026-08-12T21:29:02.8666607+03:00" testType="13cdc9d9-ddb5-4fa4-a97d-d965ccfc6d4b" outcome="Passed" testListId="8c84fa94-04c1-424b-9868-57a2d4851a1d" relativeResultsDirectory="d5ba8c8f-7b79-408a-9d20-01f680e05175" />
    <UnitTestResult executionId="847c77fa-b30b-4c46-9261-2abf806a56c0" testId="3ad147a6-f6f7-079a-a80f-c03348bc1627" testName="RunningApp.IntegrationTests.RuntimeCatalog.Prescription.Session.Gen3AThreeDayAllocationMatrixTests.Allocate_InvalidResolvedLongRun_FailsClosedDeterministically(weekly: 20, resolvedLong: 8,25)" computerName="DESKTOP-51BJN2P" duration="00:00:00.0004364" startTime="2026-08-12T21:29:02.8689857+03:00" endTime="2026-08-12T21:29:02.8689857+03:00" testType="13cdc9d9-ddb5-4fa4-a97d-d965ccfc6d4b" outcome="Passed" testListId="8c84fa94-04c1-424b-9868-57a2d4851a1d" relativeResultsDirectory="847c77fa-b30b-4c46-9261-2abf806a56c0" />
    <UnitTestResult executionId="2ccdab56-54c8-4481-be38-dacbc19cc487" testId="8cd13ffe-867b-ca3d-e52c-873b422b7754" testName="RunningApp.IntegrationTests.RuntimeCatalog.Schedule.Binding.Gen3A2BoundCardinalityTests.Validator_DerivesThreeAndFourDayCardinality_FromSourceSkeleton" computerName="DESKTOP-51BJN2P" duration="00:00:00.0471662" startTime="2026-08-12T21:29:02.9588328+03:00" endTime="2026-08-12T21:29:02.9588330+03:00" testType="13cdc9d9-ddb5-4fa4-a97d-d965ccfc6d4b" outcome="Passed" testListId="8c84fa94-04c1-424b-9868-57a2d4851a1d" relativeResultsDirectory="2ccdab56-54c8-4481-be38-dacbc19cc487" />
    <UnitTestResult executionId="04607d4e-4d6d-4ce6-b256-cda943437767" testId="91358592-a6bb-bc09-1414-fa6e4d9ee10b" testName="RunningApp.IntegrationTests.RuntimeCatalog.Prescription.Session.Gen3AThreeDayAllocationMatrixTests.Allocate_MatchesApprovedMatrix_AndAllHardConstraints(weekly: 28, key: 10, easy: 7, longer: 11)" computerName="DESKTOP-51BJN2P" duration="00:00:00.0031720" startTime="2026-08-12T21:29:02.8655758+03:00" endTime="2026-08-12T21:29:02.8655760+03:00" testType="13cdc9d9-ddb5-4fa4-a97d-d965ccfc6d4b" outcome="Passed" testListId="8c84fa94-04c1-424b-9868-57a2d4851a1d" relativeResultsDirectory="04607d4e-4d6d-4ce6-b256-cda943437767" />
    <UnitTestResult executionId="1fbd7d89-d7be-4123-9456-a51df9ac3a57" testId="867252d9-d88f-bd1c-4a29-21d3dc4733fc" testName="RunningApp.IntegrationTests.RuntimeCatalog.Prescription.Volume.Gen3AThreeDayEligibilityMatrixTests.MissingReadiness_PassesTaperGate_WithApprovedProjection(weeks: 8, preTaper: 23,5, taper: 12,5)" computerName="DESKTOP-51BJN2P" duration="00:00:00.0201849" startTime="2026-08-12T21:29:02.6421736+03:00" endTime="2026-08-12T21:29:02.6421739+03:00" testType="13cdc9d9-ddb5-4fa4-a97d-d965ccfc6d4b" outcome="Passed" testListId="8c84fa94-04c1-424b-9868-57a2d4851a1d" relativeResultsDirectory="1fbd7d89-d7be-4123-9456-a51df9ac3a57" />
    <UnitTestResult executionId="a31a677a-ff4a-4b7d-8bf7-9b25723ac6a6" testId="fdf9341e-fa13-b861-66ad-48ecfb498ec1" testName="RunningApp.IntegrationTests.Gen3BThreeDayPublicActivationTests.NonCoreThreeDayHorizons_RemainUnactivated(weeks: 52)" computerName="DESKTOP-51BJN2P" duration="00:00:02.2046739" startTime="2026-08-12T21:28:19.2900509+03:00" endTime="2026-08-12T21:28:19.2900511+03:00" testType="13cdc9d9-ddb5-4fa4-a97d-d965ccfc6d4b" outcome="Passed" testListId="8c84fa94-04c1-424b-9868-57a2d4851a1d" relativeResultsDirectory="a31a677a-ff4a-4b7d-8bf7-9b25723ac6a6" />
    <UnitTestResult executionId="54af4ba8-ba0f-46f0-b7f3-1eac312851da" testId="d11534ea-85c1-144a-7d6e-5e45818eadcb" testName="RunningApp.IntegrationTests.RuntimeCatalog.Prescription.Session.Gen3A2ThreeDayFinalPrescriptionTests.RealThreeDayCandidate_ReachesValidFinalPrescription(weeks: 12, recentWeekly: 20, longest: 8, runs: 3)" computerName="DESKTOP-51BJN2P" duration="00:00:00.0387264" startTime="2026-08-12T21:29:02.7274530+03:00" endTime="2026-08-12T21:29:02.7274533+03:00" testType="13cdc9d9-ddb5-4fa4-a97d-d965ccfc6d4b" outcome="Passed" testListId="8c84fa94-04c1-424b-9868-57a2d4851a1d" relativeResultsDirectory="54af4ba8-ba0f-46f0-b7f3-1eac312851da" />
    <UnitTestResult executionId="64bb16b3-548a-48b2-ac3a-fa34fdeef30a" testId="77ccf2a6-9d30-1cad-969e-fc6025e0d4b1" testName="RunningApp.IntegrationTests.RuntimeCatalog.Schedule.Materialization.Gen3AThreeDayCoreTests.DynamicAuthority_ProducesCanonicalThreeRoleWeeks(weeks: 9)" computerName="DESKTOP-51BJN2P" duration="00:00:00.0037925" startTime="2026-08-12T21:29:02.8853277+03:00" endTime="2026-08-12T21:29:02.8853279+03:00" testType="13cdc9d9-ddb5-4fa4-a97d-d965ccfc6d4b" outcome="Passed" testListId="8c84fa94-04c1-424b-9868-57a2d4851a1d" relativeResultsDirectory="64bb16b3-548a-48b2-ac3a-fa34fdeef30a" />
    <UnitTestResult executionId="e147883f-0548-4b9b-9af5-29a4ca8d9c2c" testId="7c154638-4556-abc2-a0be-720855c03147" testName="RunningApp.IntegrationTests.Gen3BThreeDayPublicActivationTests.ThreeDayPreferredDayMembership_IsValidated(duplicateDays: False)" computerName="DESKTOP-51BJN2P" duration="00:00:02.2264721" startTime="2026-08-12T21:28:21.5181803+03:00" endTime="2026-08-12T21:28:21.5181804+03:00" testType="13cdc9d9-ddb5-4fa4-a97d-d965ccfc6d4b" outcome="Passed" testListId="8c84fa94-04c1-424b-9868-57a2d4851a1d" relativeResultsDirectory="e147883f-0548-4b9b-9af5-29a4ca8d9c2c" />
    <UnitTestResult executionId="dfa8f867-d246-4de4-a9d2-208a54dbff62" testId="7e5647a2-b1e1-f1ea-9e83-a76a06e26b5a" testName="RunningApp.IntegrationTests.RuntimeCatalog.Schedule.Materialization.Gen3AThreeDayCoreTests.Candidate_IsManifestComposition_WithOrderedThreeDayLayout" computerName="DESKTOP-51BJN2P" duration="00:00:00.0043761" startTime="2026-08-12T21:29:02.9108463+03:00" endTime="2026-08-12T21:29:02.9108465+03:00" testType="13cdc9d9-ddb5-4fa4-a97d-d965ccfc6d4b" outcome="Passed" testListId="8c84fa94-04c1-424b-9868-57a2d4851a1d" relativeResultsDirectory="dfa8f867-d246-4de4-a9d2-208a54dbff62" />
    <UnitTestResult executionId="1ad854c5-0921-45d6-9791-9e1ed552f977" testId="511a092a-8ff0-d6e3-baef-59e816da82fc" testName="RunningApp.IntegrationTests.RuntimeCatalog.Prescription.Session.Gen3A2ThreeDayFinalPrescriptionTests.RealThreeDayCandidate_ReachesValidFinalPrescription(weeks: 12, recentWeekly: null, longest: 8, runs: 3)" computerName="DESKTOP-51BJN2P" duration="00:00:00.0373897" startTime="2026-08-12T21:29:02.7653174+03:00" endTime="2026-08-12T21:29:02.7653177+03:00" testType="13cdc9d9-ddb5-4fa4-a97d-d965ccfc6d4b" outcome="Passed" testListId="8c84fa94-04c1-424b-9868-57a2d4851a1d" relativeResultsDirectory="1ad854c5-0921-45d6-9791-9e1ed552f977" />
    <UnitTestResult executionId="63a71228-3aa0-44e7-aa95-ae9338de9ef3" testId="e0a1f117-8e1f-3e93-eb36-92fc8d9739c2" testName="RunningApp.IntegrationTests.Gen3BThreeDayPublicActivationTests.ThreeDayPreferredDayCountMismatch_IsValidationError(preferredCount: 4)" computerName="DESKTOP-51BJN2P" duration="00:00:02.1599950" startTime="2026-08-12T21:28:57.1004714+03:00" endTime="2026-08-12T21:28:57.1004717+03:00" testType="13cdc9d9-ddb5-4fa4-a97d-d965ccfc6d4b" outcome="Passed" testListId="8c84fa94-04c1-424b-9868-57a2d4851a1d" relativeResultsDirectory="63a71228-3aa0-44e7-aa95-ae9338de9ef3" />
    <UnitTestResult executionId="f3a78c7a-7d1a-4abf-91e9-6530cba8ee4a" testId="96ddd189-f92a-dfa2-aff2-02353995e962" testName="RunningApp.IntegrationTests.Gen3BThreeDayPublicActivationTests.ExplicitZeroShortCore_ReturnsTypedProductIneligibility(weeks: 11)" computerName="DESKTOP-51BJN2P" duration="00:00:02.2063434" startTime="2026-08-12T21:28:54.9396459+03:00" endTime="2026-08-12T21:28:54.9396461+03:00" testType="13cdc9d9-ddb5-4fa4-a97d-d965ccfc6d4b" outcome="Passed" testListId="8c84fa94-04c1-424b-9868-57a2d4851a1d" relativeResultsDirectory="f3a78c7a-7d1a-4abf-91e9-6530cba8ee4a" />
    <UnitTestResult executionId="9e992554-3b8d-4e5c-a026-89627935c4c7" testId="935ccc2f-e298-666a-45bf-17003fbff089" testName="RunningApp.IntegrationTests.RuntimeCatalog.Schedule.Materialization.Gen3AThreeDayCoreTests.DynamicAuthority_ProducesCanonicalThreeRoleWeeks(weeks: 13)" computerName="DESKTOP-51BJN2P" duration="00:00:00.0034226" startTime="2026-08-12T21:29:02.9015995+03:00" endTime="2026-08-12T21:29:02.9015998+03:00" testType="13cdc9d9-ddb5-4fa4-a97d-d965ccfc6d4b" outcome="Passed" testListId="8c84fa94-04c1-424b-9868-57a2d4851a1d" relativeResultsDirectory="9e992554-3b8d-4e5c-a026-89627935c4c7" />
    <UnitTestResult executionId="ea5eb926-7fba-4983-8868-54408bcf5685" testId="8b135c89-aad2-c605-6685-b96e3264885d" testName="RunningApp.IntegrationTests.RuntimeCatalog.Prescription.Session.Gen3A2ThreeDayFinalPrescriptionTests.RealThreeDayCandidate_ReachesValidFinalPrescription(weeks: 14, recentWeekly: 20, longest: 8, runs: 3)" computerName="DESKTOP-51BJN2P" duration="00:00:00.0351814" startTime="2026-08-12T21:29:02.8407566+03:00" endTime="2026-08-12T21:29:02.8407569+03:00" testType="13cdc9d9-ddb5-4fa4-a97d-d965ccfc6d4b" outcome="Passed" testListId="8c84fa94-04c1-424b-9868-57a2d4851a1d" relativeResultsDirectory="ea5eb926-7fba-4983-8868-54408bcf5685" />
    <UnitTestResult executionId="84fe1962-d147-4eef-9182-d2217e879368" testId="ebe66ead-e934-cf83-91f4-6634e9a91234" testName="RunningApp.IntegrationTests.Gen3BThreeDayPublicActivationTests.ExplicitZeroShortCore_ReturnsTypedProductIneligibility(weeks: 10)" computerName="DESKTOP-51BJN2P" duration="00:00:02.1770668" startTime="2026-08-12T21:28:48.3363848+03:00" endTime="2026-08-12T21:28:48.3363851+03:00" testType="13cdc9d9-ddb5-4fa4-a97d-d965ccfc6d4b" outcome="Passed" testListId="8c84fa94-04c1-424b-9868-57a2d4851a1d" relativeResultsDirectory="84fe1962-d147-4eef-9182-d2217e879368" />
    <UnitTestResult executionId="b4a94299-57f8-4939-bbf8-96efab5aa9cd" testId="cd487c43-62e0-7b52-9f63-20e5a7604fe3" testName="RunningApp.IntegrationTests.RuntimeCatalog.Prescription.Session.Gen3AThreeDayAllocationMatrixTests.Allocate_MatchesApprovedMatrix_AndAllHardConstraints(weekly: 20, key: 7, easy: 5, longer: 8)" computerName="DESKTOP-51BJN2P" duration="00:00:00.0000083" startTime="2026-08-12T21:29:02.8664867+03:00" endTime="2026-08-12T21:29:02.8664867+03:00" testType="13cdc9d9-ddb5-4fa4-a97d-d965ccfc6d4b" outcome="Passed" testListId="8c84fa94-04c1-424b-9868-57a2d4851a1d" relativeResultsDirectory="b4a94299-57f8-4939-bbf8-96efab5aa9cd" />
    <UnitTestResult executionId="b91b582d-accd-425b-8100-8490bda17939" testId="8da7f661-e67a-ec7b-6a73-b6f2849836c3" testName="RunningApp.IntegrationTests.RuntimeCatalog.Schedule.Materialization.Gen3AThreeDayCoreTests.Calendar_ThreeDayPatterns_PreserveResolvedCardinalityAndSeparation(preferred: [Monday, Wednesday, Sunday], longRunDay: Sunday)" computerName="DESKTOP-51BJN2P" duration="00:00:00.0000762" startTime="2026-08-12T21:29:02.9058181+03:00" endTime="2026-08-12T21:29:02.9058182+03:00" testType="13cdc9d9-ddb5-4fa4-a97d-d965ccfc6d4b" outcome="Passed" testListId="8c84fa94-04c1-424b-9868-57a2d4851a1d" relativeResultsDirectory="b91b582d-accd-425b-8100-8490bda17939" />
    <UnitTestResult executionId="0ea04426-61ec-4069-b056-327562751e6f" testId="c9f4e9be-80ba-6510-5721-612d393657c5" testName="RunningApp.IntegrationTests.Gen3BThreeDayPublicActivationTests.EligibleThreeDayCoreHorizon_PublicPreviewHasExactlyThreeRoles(weeks: 9)" computerName="DESKTOP-51BJN2P" duration="00:00:02.1941492" startTime="2026-08-12T21:28:35.1495912+03:00" endTime="2026-08-12T21:28:35.1495913+03:00" testType="13cdc9d9-ddb5-4fa4-a97d-d965ccfc6d4b" outcome="Passed" testListId="8c84fa94-04c1-424b-9868-57a2d4851a1d" relativeResultsDirectory="0ea04426-61ec-4069-b056-327562751e6f" />
    <UnitTestResult executionId="39f8d232-c27d-4f23-8bea-981df39a4630" testId="685196ee-bf0d-13b9-9dd3-04ed97109d9e" testName="RunningApp.IntegrationTests.Gen3BThreeDayPublicActivationTests.ThreeDayPreferredDayMembership_IsValidated(duplicateDays: True)" computerName="DESKTOP-51BJN2P" duration="00:00:02.1832254" startTime="2026-08-12T21:28:23.7020792+03:00" endTime="2026-08-12T21:28:23.7020793+03:00" testType="13cdc9d9-ddb5-4fa4-a97d-d965ccfc6d4b" outcome="Passed" testListId="8c84fa94-04c1-424b-9868-57a2d4851a1d" relativeResultsDirectory="39f8d232-c27d-4f23-8bea-981df39a4630" />
    <UnitTestResult executionId="1e4e3d8e-f2df-4702-8ccc-2dd26572038c" testId="81dd3430-25a8-f80c-f849-ba15d9cd282c" testName="RunningApp.IntegrationTests.RuntimeCatalog.Prescription.Session.Gen3AThreeDayAllocationMatrixTests.Allocate_InvalidResolvedLongRun_FailsClosedDeterministically(weekly: 12, resolvedLong: 5,5)" computerName="DESKTOP-51BJN2P" duration="00:00:00.0000216" startTime="2026-08-12T21:29:02.8693029+03:00" endTime="2026-08-12T21:29:02.8693030+03:00" testType="13cdc9d9-ddb5-4fa4-a97d-d965ccfc6d4b" outcome="Passed" testListId="8c84fa94-04c1-424b-9868-57a2d4851a1d" relativeResultsDirectory="1e4e3d8e-f2df-4702-8ccc-2dd26572038c" />
    <UnitTestResult executionId="8031c123-5a07-4143-bb1c-d43d7396837d" testId="b77f47ef-1d03-0053-18a2-2139fdf032f9" testName="RunningApp.IntegrationTests.RuntimeCatalog.Prescription.Session.Gen3AThreeDayAllocationMatrixTests.Allocate_BelowFloorOrNonReconcilable_FailsClosed(weekly: 11,5)" computerName="DESKTOP-51BJN2P" duration="00:00:00.0000188" startTime="2026-08-12T21:29:02.8676900+03:00" endTime="2026-08-12T21:29:02.8676901+03:00" testType="13cdc9d9-ddb5-4fa4-a97d-d965ccfc6d4b" outcome="Passed" testListId="8c84fa94-04c1-424b-9868-57a2d4851a1d" relativeResultsDirectory="8031c123-5a07-4143-bb1c-d43d7396837d" />
    <UnitTestResult executionId="8e6744fd-c363-4a09-b60e-18ba01bdf074" testId="0ee12450-765f-92fb-10df-5f7225d328c8" testName="RunningApp.IntegrationTests.Gen3BThreeDayPublicActivationTests.EligibleThreeDayCoreHorizon_PublicPreviewHasExactlyThreeRoles(weeks: 11)" computerName="DESKTOP-51BJN2P" duration="00:00:02.1932507" startTime="2026-08-12T21:28:28.4083722+03:00" endTime="2026-08-12T21:28:28.4083723+03:00" testType="13cdc9d9-ddb5-4fa4-a97d-d965ccfc6d4b" outcome="Passed" testListId="8c84fa94-04c1-424b-9868-57a2d4851a1d" relativeResultsDirectory="8e6744fd-c363-4a09-b60e-18ba01bdf074" />
    <UnitTestResult executionId="3b6b309b-43bb-4dbe-a545-c6f7b52363fb" testId="35163cd6-2085-4020-5fa0-d87ccf7452d2" testName="RunningApp.IntegrationTests.RuntimeCatalog.Prescription.Session.Gen3AThreeDayAllocationMatrixTests.Allocate_EqualErrorTie_UsesStableStructuralOrder" computerName="DESKTOP-51BJN2P" duration="00:00:00.0006908" startTime="2026-08-12T21:29:02.8684592+03:00" endTime="2026-08-12T21:29:02.8684594+03:00" testType="13cdc9d9-ddb5-4fa4-a97d-d965ccfc6d4b" outcome="Passed" testListId="8c84fa94-04c1-424b-9868-57a2d4851a1d" relativeResultsDirectory="3b6b309b-43bb-4dbe-a545-c6f7b52363fb" />
    <UnitTestResult executionId="7fdafff0-5548-437a-9ad0-9d80063b49b2" testId="cfba58f4-471e-923c-4b34-32141c9c0527" testName="RunningApp.IntegrationTests.RuntimeCatalog.Prescription.Volume.Gen3AThreeDayEligibilityMatrixTests.MissingReadiness_PassesTaperGate_WithApprovedProjection(weeks: 10, preTaper: 27, taper: 14,5)" computerName="DESKTOP-51BJN2P" duration="00:00:00.0185979" startTime="2026-08-12T21:29:02.6215513+03:00" endTime="2026-08-12T21:29:02.6215517+03:00" testType="13cdc9d9-ddb5-4fa4-a97d-d965ccfc6d4b" outcome="Passed" testListId="8c84fa94-04c1-424b-9868-57a2d4851a1d" relativeResultsDirectory="7fdafff0-5548-437a-9ad0-9d80063b49b2" />
    <UnitTestResult executionId="14584ad2-f112-4451-b115-da776f0821d5" testId="211981d1-e17c-b6ed-176c-7755b053581c" testName="RunningApp.IntegrationTests.RuntimeCatalog.Prescription.Volume.Gen3AThreeDayEligibilityMatrixTests.ExplicitZero_UsesApprovedProjectionAndTypedEligibility(weeks: 12, preTaper: 22,5, taper: 12, eligible: True)" computerName="DESKTOP-51BJN2P" duration="00:00:00.0256357" startTime="2026-08-12T21:29:02.5154714+03:00" endTime="2026-08-12T21:29:02.5154716+03:00" testType="13cdc9d9-ddb5-4fa4-a97d-d965ccfc6d4b" outcome="Passed" testListId="8c84fa94-04c1-424b-9868-57a2d4851a1d" relativeResultsDirectory="14584ad2-f112-4451-b115-da776f0821d5" />
    <UnitTestResult executionId="05a4630d-70b4-4218-813c-1ecc7a477eb6" testId="d02061ce-d73d-212d-1a88-ba9ea3d624de" testName="RunningApp.IntegrationTests.RuntimeCatalog.Schedule.Materialization.Gen3AThreeDayCoreTests.DynamicAuthority_ProducesCanonicalThreeRoleWeeks(weeks: 10)" computerName="DESKTOP-51BJN2P" duration="00:00:00.0033560" startTime="2026-08-12T21:29:02.8977698+03:00" endTime="2026-08-12T21:29:02.8977714+03:00" testType="13cdc9d9-ddb5-4fa4-a97d-d965ccfc6d4b" outcome="Passed" testListId="8c84fa94-04c1-424b-9868-57a2d4851a1d" relativeResultsDirectory="05a4630d-70b4-4218-813c-1ecc7a477eb6" />
    <UnitTestResult executionId="d45e5d6e-62d6-4fa4-90e4-730973e23902" testId="bc0301c4-e1cf-0403-401a-6f218165fa0e" testName="RunningApp.IntegrationTests.RuntimeCatalog.Prescription.Session.Gen3AThreeDayAllocationMatrixTests.Allocate_MatchesApprovedMatrix_AndAllHardConstraints(weekly: 26, key: 9, easy: 6,5, longer: 10,5)" computerName="DESKTOP-51BJN2P" duration="00:00:00.0000241" startTime="2026-08-12T21:29:02.8660663+03:00" endTime="2026-08-12T21:29:02.8660663+03:00" testType="13cdc9d9-ddb5-4fa4-a97d-d965ccfc6d4b" outcome="Passed" testListId="8c84fa94-04c1-424b-9868-57a2d4851a1d" relativeResultsDirectory="d45e5d6e-62d6-4fa4-90e4-730973e23902" />
    <UnitTestResult executionId="ea87c6d5-9f51-4850-9974-c43cde74aaee" testId="985be1ca-c5db-758c-d4bc-97fa23632cc9" testName="RunningApp.IntegrationTests.RuntimeCatalog.Prescription.Session.Gen3AThreeDayAllocationMatrixTests.Allocate_MatchesApprovedMatrix_AndAllHardConstraints(weekly: 22, key: 7,5, easy: 5,5, longer: 9)" computerName="DESKTOP-51BJN2P" duration="00:00:00.0000081" startTime="2026-08-12T21:29:02.8665259+03:00" endTime="2026-08-12T21:29:02.8665260+03:00" testType="13cdc9d9-ddb5-4fa4-a97d-d965ccfc6d4b" outcome="Passed" testListId="8c84fa94-04c1-424b-9868-57a2d4851a1d" relativeResultsDirectory="ea87c6d5-9f51-4850-9974-c43cde74aaee" />
    <UnitTestResult executionId="24bc4b31-6c1e-4549-b59f-5dc7382d6604" testId="e73807d7-6279-95b0-e9c3-243aa1b6dcfe" testName="RunningApp.IntegrationTests.Gen3BThreeDayPublicActivationTests.ThreeDayPreferredDayCountMismatch_IsValidationError(preferredCount: 2)" computerName="DESKTOP-51BJN2P" duration="00:00:02.2028822" startTime="2026-08-12T21:28:59.3043607+03:00" endTime="2026-08-12T21:28:59.3043610+03:00" testType="13cdc9d9-ddb5-4fa4-a97d-d965ccfc6d4b" outcome="Passed" testListId="8c84fa94-04c1-424b-9868-57a2d4851a1d" relativeResultsDirectory="24bc4b31-6c1e-4549-b59f-5dc7382d6604" />
    <UnitTestResult executionId="83ee8b24-079f-4432-85ee-721a070889c6" testId="44d8ee89-31a6-99d1-7aeb-f6f781973520" testName="RunningApp.IntegrationTests.RuntimeCatalog.Prescription.Session.Gen3AThreeDayAllocationMatrixTests.Allocate_MatchesApprovedMatrix_AndAllHardConstraints(weekly: 30, key: 10,5, easy: 7,5, longer: 12)" computerName="DESKTOP-51BJN2P" duration="00:00:00.0003207" startTime="2026-08-12T21:29:02.8659933+03:00" endTime="2026-08-12T21:29:02.8659934+03:00" testType="13cdc9d9-ddb5-4fa4-a97d-d965ccfc6d4b" outcome="Passed" testListId="8c84fa94-04c1-424b-9868-57a2d4851a1d" relativeResultsDirectory="83ee8b24-079f-4432-85ee-721a070889c6" />
    <UnitTestResult executionId="105d2620-fc37-4bd0-bedc-f77a34945916" testId="f99e7815-0aa9-3017-5639-2d063d9b2687" testName="RunningApp.IntegrationTests.RuntimeCatalog.Prescription.Volume.Gen3AThreeDayEligibilityMatrixTests.ExplicitZero_UsesApprovedProjectionAndTypedEligibility(weeks: 13, preTaper: 24, taper: 12,5, eligible: True)" computerName="DESKTOP-51BJN2P" duration="00:00:00.0181622" startTime="2026-08-12T21:29:02.5826362+03:00" endTime="2026-08-12T21:29:02.5826364+03:00" testType="13cdc9d9-ddb5-4fa4-a97d-d965ccfc6d4b" outcome="Passed" testListId="8c84fa94-04c1-424b-9868-57a2d4851a1d" relativeResultsDirectory="105d2620-fc37-4bd0-bedc-f77a34945916" />
    <UnitTestResult executionId="9cd87a0d-40eb-40db-9488-42feac547be7" testId="94b8b567-2725-5024-c64e-2245708f6639" testName="RunningApp.IntegrationTests.Gen3BThreeDayPublicActivationTests.EligibleThreeDayCoreHorizon_PublicPreviewHasExactlyThreeRoles(weeks: 14)" computerName="DESKTOP-51BJN2P" duration="00:00:02.2423052" startTime="2026-08-12T21:28:37.3926399+03:00" endTime="2026-08-12T21:28:37.3926401+03:00" testType="13cdc9d9-ddb5-4fa4-a97d-d965ccfc6d4b" outcome="Passed" testListId="8c84fa94-04c1-424b-9868-57a2d4851a1d" relativeResultsDirectory="9cd87a0d-40eb-40db-9488-42feac547be7" />
    <UnitTestResult executionId="83f007c0-bbac-4637-981a-3aefe5607ef4" testId="e195f3f1-72e9-6f15-0790-9c3901577b99" testName="RunningApp.IntegrationTests.RuntimeCatalog.Prescription.Session.Gen3AThreeDayAllocationMatrixTests.Allocate_MatchesApprovedMatrix_AndAllHardConstraints(weekly: 14, key: 5, easy: 3,5, longer: 5,5)" computerName="DESKTOP-51BJN2P" duration="00:00:00.0000077" startTime="2026-08-12T21:29:02.8664459+03:00" endTime="2026-08-12T21:29:02.8664460+03:00" testType="13cdc9d9-ddb5-4fa4-a97d-d965ccfc6d4b" outcome="Passed" testListId="8c84fa94-04c1-424b-9868-57a2d4851a1d" relativeResultsDirectory="83f007c0-bbac-4637-981a-3aefe5607ef4" />
    <UnitTestResult executionId="39730861-3e25-498b-b52a-54e93d1e1563" testId="cbb9534f-a537-b288-0338-8d226c8af678" testName="RunningApp.IntegrationTests.Gen3BThreeDayPublicActivationTests.WrongCombination_NeverNearestMatches(level: &quot;advanced&quot;, days: 3)" computerName="DESKTOP-51BJN2P" duration="00:00:02.1839176" startTime="2026-08-12T21:28:41.8084335+03:00" endTime="2026-08-12T21:28:41.8084336+03:00" testType="13cdc9d9-ddb5-4fa4-a97d-d965ccfc6d4b" outcome="Passed" testListId="8c84fa94-04c1-424b-9868-57a2d4851a1d" relativeResultsDirectory="39730861-3e25-498b-b52a-54e93d1e1563" />
    <UnitTestResult executionId="ca0d2513-f606-41a1-a321-1e4e64d8a63a" testId="5636db40-75e2-ec35-7a46-bf242ba3d3cb" testName="RunningApp.IntegrationTests.RuntimeCatalog.Prescription.Session.Gen3AThreeDayAllocationMatrixTests.Allocate_MatchesApprovedMatrix_AndAllHardConstraints(weekly: 12, key: 4, easy: 3, longer: 5)" computerName="DESKTOP-51BJN2P" duration="00:00:00.0000140" startTime="2026-08-12T21:29:02.8663557+03:00" endTime="2026-08-12T21:29:02.8663558+03:00" testType="13cdc9d9-ddb5-4fa4-a97d-d965ccfc6d4b" outcome="Passed" testListId="8c84fa94-04c1-424b-9868-57a2d4851a1d" relativeResultsDirectory="ca0d2513-f606-41a1-a321-1e4e64d8a63a" />
    <UnitTestResult executionId="00b57a15-4352-4ab2-bd11-b526a597e695" testId="473f4640-af61-f937-f2f6-e7ea5668f76d" testName="RunningApp.IntegrationTests.RuntimeCatalog.Prescription.Session.Gen3AThreeDayAllocationMatrixTests.Allocate_MatchesApprovedMatrix_AndAllHardConstraints(weekly: 32, key: 11, easy: 8, longer: 13)" computerName="DESKTOP-51BJN2P" duration="00:00:00.0000116" startTime="2026-08-12T21:29:02.8665729+03:00" endTime="2026-08-12T21:29:02.8665729+03:00" testType="13cdc9d9-ddb5-4fa4-a97d-d965ccfc6d4b" outcome="Passed" testListId="8c84fa94-04c1-424b-9868-57a2d4851a1d" relativeResultsDirectory="00b57a15-4352-4ab2-bd11-b526a597e695" />
    <UnitTestResult executionId="f74e5757-e92e-4b18-8bb9-85d0d1433f2f" testId="c5f5bc17-222e-1775-79f1-7badfca7125f" testName="RunningApp.IntegrationTests.RuntimeCatalog.Prescription.Volume.Gen3AThreeDayEligibilityMatrixTests.ExplicitZero_UsesApprovedProjectionAndTypedEligibility(weeks: 14, preTaper: 25,5, taper: 13,5, eligible: True)" computerName="DESKTOP-51BJN2P" duration="00:00:00.0246608" startTime="2026-08-12T21:29:02.4894394+03:00" endTime="2026-08-12T21:29:02.4894399+03:00" testType="13cdc9d9-ddb5-4fa4-a97d-d965ccfc6d4b" outcome="Passed" testListId="8c84fa94-04c1-424b-9868-57a2d4851a1d" relativeResultsDirectory="f74e5757-e92e-4b18-8bb9-85d0d1433f2f" />
    <UnitTestResult executionId="90727567-ddc5-458b-9212-868090059749" testId="3b75f386-f56d-01f7-c8cb-573be975b9c1" testName="RunningApp.IntegrationTests.Gen3BThreeDayPublicActivationTests.ExplicitZeroShortCore_ReturnsTypedProductIneligibility(weeks: 8)" computerName="DESKTOP-51BJN2P" duration="00:00:02.1991801" startTime="2026-08-12T21:28:52.7325588+03:00" endTime="2026-08-12T21:28:52.7325590+03:00" testType="13cdc9d9-ddb5-4fa4-a97d-d965ccfc6d4b" outcome="Passed" testListId="8c84fa94-04c1-424b-9868-57a2d4851a1d" relativeResultsDirectory="90727567-ddc5-458b-9212-868090059749" />
    <UnitTestResult executionId="73bd5e10-c1a9-48e6-9c72-650e73fc9e4f" testId="0d8501a4-6a56-168c-ff1f-6e2855c00d0b" testName="RunningApp.IntegrationTests.Gen3BThreeDayPublicActivationTests.WrongCombination_NeverNearestMatches(level: &quot;beginner&quot;, days: 3)" computerName="DESKTOP-51BJN2P" duration="00:00:02.1824761" startTime="2026-08-12T21:28:46.1585734+03:00" endTime="2026-08-12T21:28:46.1585735+03:00" testType="13cdc9d9-ddb5-4fa4-a97d-d965ccfc6d4b" outcome="Passed" testListId="8c84fa94-04c1-424b-9868-57a2d4851a1d" relativeResultsDirectory="73bd5e10-c1a9-48e6-9c72-650e73fc9e4f" />
    <UnitTestResult executionId="8c8e773c-d1f2-4dbc-ac5d-47ddc18f780c" testId="31efd001-1c04-916d-71b4-0c2382799ec8" testName="RunningApp.IntegrationTests.RuntimeCatalog.Schedule.Materialization.Gen3AThreeDayCoreTests.Calendar_NoCompleteCrossWeekAssignment_FailsClosed" computerName="DESKTOP-51BJN2P" duration="00:00:00.0011079" startTime="2026-08-12T21:29:02.8705664+03:00" endTime="2026-08-12T21:29:02.8705665+03:00" testType="13cdc9d9-ddb5-4fa4-a97d-d965ccfc6d4b" outcome="Passed" testListId="8c84fa94-04c1-424b-9868-57a2d4851a1d" relativeResultsDirectory="8c8e773c-d1f2-4dbc-ac5d-47ddc18f780c" />
    <UnitTestResult executionId="02695cff-37b7-4ec6-ab4c-fe078aade375" testId="d7ae0c06-ce0c-9729-5738-9db6f6524214" testName="RunningApp.IntegrationTests.RuntimeCatalog.Prescription.Session.Gen3A2ThreeDayFinalPrescriptionTests.EightWeekExplicitZero_FailsTypedBeforeFinalOutput" computerName="DESKTOP-51BJN2P" duration="00:00:00.0208318" startTime="2026-08-12T21:29:02.8619802+03:00" endTime="2026-08-12T21:29:02.8619805+03:00" testType="13cdc9d9-ddb5-4fa4-a97d-d965ccfc6d4b" outcome="Passed" testListId="8c84fa94-04c1-424b-9868-57a2d4851a1d" relativeResultsDirectory="02695cff-37b7-4ec6-ab4c-fe078aade375" />
    <UnitTestResult executionId="4b59e29a-d6ed-48f4-96df-0e945e9e6f14" testId="5fe7b0ff-e68e-96ee-8542-48ed22d14770" testName="RunningApp.IntegrationTests.Gen3BThreeDayPublicActivationTests.EligibleThreeDayCoreHorizon_PublicPreviewHasExactlyThreeRoles(weeks: 8)" computerName="DESKTOP-51BJN2P" duration="00:00:02.2942659" startTime="2026-08-12T21:28:30.7034191+03:00" endTime="2026-08-12T21:28:30.7034193+03:00" testType="13cdc9d9-ddb5-4fa4-a97d-d965ccfc6d4b" outcome="Passed" testListId="8c84fa94-04c1-424b-9868-57a2d4851a1d" relativeResultsDirectory="4b59e29a-d6ed-48f4-96df-0e945e9e6f14" />
    <UnitTestResult executionId="c18e9c63-6e3a-40a1-984c-2a6024775153" testId="5d24149b-d4dd-ce4f-1557-bbef0bb5fb1c" testName="RunningApp.IntegrationTests.RuntimeCatalog.Prescription.Session.Gen3AThreeDayAllocationMatrixTests.Allocate_MatchesApprovedMatrix_AndAllHardConstraints(weekly: 24, key: 8,5, easy: 6, longer: 9,5)" computerName="DESKTOP-51BJN2P" duration="00:00:00.0000096" startTime="2026-08-12T21:29:02.8666189+03:00" endTime="2026-08-12T21:29:02.8666189+03:00" testType="13cdc9d9-ddb5-4fa4-a97d-d965ccfc6d4b" outcome="Passed" testListId="8c84fa94-04c1-424b-9868-57a2d4851a1d" relativeResultsDirectory="c18e9c63-6e3a-40a1-984c-2a6024775153" />
    <UnitTestResult executionId="713aaff2-f074-4b71-897f-a9c289160c46" testId="8dd54560-7ac0-5ed5-5624-97c33f6dd96c" testName="RunningApp.IntegrationTests.RuntimeCatalog.Prescription.Session.Gen3A2ThreeDayFinalPrescriptionTests.RealThreeDayCandidate_ReachesValidFinalPrescription(weeks: 12, recentWeekly: 0, longest: 0, runs: 0)" computerName="DESKTOP-51BJN2P" duration="00:00:00.0393215" startTime="2026-08-12T21:29:02.8051110+03:00" endTime="2026-08-12T21:29:02.8051112+03:00" testType="13cdc9d9-ddb5-4fa4-a97d-d965ccfc6d4b" outcome="Passed" testListId="8c84fa94-04c1-424b-9868-57a2d4851a1d" relativeResultsDirectory="713aaff2-f074-4b71-897f-a9c289160c46" />
    <UnitTestResult executionId="781ef1c7-c2fa-4b00-80ee-53d2a98acaa3" testId="f9acd73b-c3fe-6e68-b2e2-b867db8837bc" testName="RunningApp.IntegrationTests.Gen3BThreeDayPublicActivationTests.EligibleThreeDayCoreHorizon_PublicPreviewHasExactlyThreeRoles(weeks: 13)" computerName="DESKTOP-51BJN2P" duration="00:00:02.5115851" startTime="2026-08-12T21:28:26.2145262+03:00" endTime="2026-08-12T21:28:26.2145264+03:00" testType="13cdc9d9-ddb5-4fa4-a97d-d965ccfc6d4b" outcome="Passed" testListId="8c84fa94-04c1-424b-9868-57a2d4851a1d" relativeResultsDirectory="781ef1c7-c2fa-4b00-80ee-53d2a98acaa3" />
    <UnitTestResult executionId="29709d51-8eae-4510-9999-4f4c639002d4" testId="640c786e-5b82-4941-0534-b0439ee107e7" testName="RunningApp.IntegrationTests.RuntimeCatalog.Prescription.Session.Gen3A2ThreeDayFinalPrescriptionTests.ExistingPayloadPersistenceShape_RepresentsThreeRolesWithoutSchemaChange" computerName="DESKTOP-51BJN2P" duration="00:00:00.0452732" startTime="2026-08-12T21:29:02.6883136+03:00" endTime="2026-08-12T21:29:02.6883138+03:00" testType="13cdc9d9-ddb5-4fa4-a97d-d965ccfc6d4b" outcome="Passed" testListId="8c84fa94-04c1-424b-9868-57a2d4851a1d" relativeResultsDirectory="29709d51-8eae-4510-9999-4f4c639002d4" />
  </Results>
  <TestDefinitions>
    <UnitTest name="RunningApp.IntegrationTests.RuntimeCatalog.Prescription.Session.Gen3AThreeDayAllocationMatrixTests.Allocate_BelowFloorOrNonReconcilable_FailsClosed(weekly: 11,75)" storage="c:\users\vatan\desktop\runner\backend\runningapp.integrationtests\bin\debug\net9.0\runningapp.integrationtests.dll" id="d01a190c-3faf-2d41-67f6-077e45383d31">
      <Execution id="7dbcd14c-3381-4e44-8c46-6e714527f886" />
      <TestMethod codeBase="C:\Users\vatan\Desktop\runner\backend\RunningApp.IntegrationTests\bin\Debug\net9.0\RunningApp.IntegrationTests.dll" adapterTypeName="executor://xunit/VsTestRunner2/netcoreapp" className="RunningApp.IntegrationTests.RuntimeCatalog.Prescription.Session.Gen3AThreeDayAllocationMatrixTests" name="Allocate_BelowFloorOrNonReconcilable_FailsClosed" />
    </UnitTest>
    <UnitTest name="RunningApp.IntegrationTests.RuntimeCatalog.Prescription.Volume.Gen3AThreeDayEligibilityMatrixTests.MissingReadiness_PassesTaperGate_WithApprovedProjection(weeks: 8, preTaper: 23,5, taper: 12,5)" storage="c:\users\vatan\desktop\runner\backend\runningapp.integrationtests\bin\debug\net9.0\runningapp.integrationtests.dll" id="867252d9-d88f-bd1c-4a29-21d3dc4733fc">
      <Execution id="1fbd7d89-d7be-4123-9456-a51df9ac3a57" />
      <TestMethod codeBase="C:\Users\vatan\Desktop\runner\backend\RunningApp.IntegrationTests\bin\Debug\net9.0\RunningApp.IntegrationTests.dll" adapterTypeName="executor://xunit/VsTestRunner2/netcoreapp" className="RunningApp.IntegrationTests.RuntimeCatalog.Prescription.Volume.Gen3AThreeDayEligibilityMatrixTests" name="MissingReadiness_PassesTaperGate_WithApprovedProjection" />
    </UnitTest>
    <UnitTest name="RunningApp.IntegrationTests.Gen3BThreeDayPublicActivationTests.ExplicitZeroShortCore_ReturnsTypedProductIneligibility(weeks: 10)" storage="c:\users\vatan\desktop\runner\backend\runningapp.integrationtests\bin\debug\net9.0\runningapp.integrationtests.dll" id="ebe66ead-e934-cf83-91f4-6634e9a91234">
      <Execution id="84fe1962-d147-4eef-9182-d2217e879368" />
      <TestMethod codeBase="C:\Users\vatan\Desktop\runner\backend\RunningApp.IntegrationTests\bin\Debug\net9.0\RunningApp.IntegrationTests.dll" adapterTypeName="executor://xunit/VsTestRunner2/netcoreapp" className="RunningApp.IntegrationTests.Gen3BThreeDayPublicActivationTests" name="ExplicitZeroShortCore_ReturnsTypedProductIneligibility" />
    </UnitTest>
    <UnitTest name="RunningApp.IntegrationTests.Gen3BThreeDayPublicActivationTests.ThreeDayPreferredDayCountMismatch_IsValidationError(preferredCount: 2)" storage="c:\users\vatan\desktop\runner\backend\runningapp.integrationtests\bin\debug\net9.0\runningapp.integrationtests.dll" id="e73807d7-6279-95b0-e9c3-243aa1b6dcfe">
      <Execution id="24bc4b31-6c1e-4549-b59f-5dc7382d6604" />
      <TestMethod codeBase="C:\Users\vatan\Desktop\runner\backend\RunningApp.IntegrationTests\bin\Debug\net9.0\RunningApp.IntegrationTests.dll" adapterTypeName="executor://xunit/VsTestRunner2/netcoreapp" className="RunningApp.IntegrationTests.Gen3BThreeDayPublicActivationTests" name="ThreeDayPreferredDayCountMismatch_IsValidationError" />
    </UnitTest>
    <UnitTest name="RunningApp.IntegrationTests.RuntimeCatalog.Prescription.Session.Gen3AThreeDayAllocationMatrixTests.Allocate_MatchesApprovedMatrix_AndAllHardConstraints(weekly: 22, key: 7,5, easy: 5,5, longer: 9)" storage="c:\users\vatan\desktop\runner\backend\runningapp.integrationtests\bin\debug\net9.0\runningapp.integrationtests.dll" id="985be1ca-c5db-758c-d4bc-97fa23632cc9">
      <Execution id="ea87c6d5-9f51-4850-9974-c43cde74aaee" />
      <TestMethod codeBase="C:\Users\vatan\Desktop\runner\backend\RunningApp.IntegrationTests\bin\Debug\net9.0\RunningApp.IntegrationTests.dll" adapterTypeName="executor://xunit/VsTestRunner2/netcoreapp" className="RunningApp.IntegrationTests.RuntimeCatalog.Prescription.Session.Gen3AThreeDayAllocationMatrixTests" name="Allocate_MatchesApprovedMatrix_AndAllHardConstraints" />
    </UnitTest>
    <UnitTest name="RunningApp.IntegrationTests.RuntimeCatalog.Prescription.Volume.Gen3AThreeDayEligibilityMatrixTests.ExplicitZero_UsesApprovedProjectionAndTypedEligibility(weeks: 14, preTaper: 25,5, taper: 13,5, eligible: True)" storage="c:\users\vatan\desktop\runner\backend\runningapp.integrationtests\bin\debug\net9.0\runningapp.integrationtests.dll" id="c5f5bc17-222e-1775-79f1-7badfca7125f">
      <Execution id="f74e5757-e92e-4b18-8bb9-85d0d1433f2f" />
      <TestMethod codeBase="C:\Users\vatan\Desktop\runner\backend\RunningApp.IntegrationTests\bin\Debug\net9.0\RunningApp.IntegrationTests.dll" adapterTypeName="executor://xunit/VsTestRunner2/netcoreapp" className="RunningApp.IntegrationTests.RuntimeCatalog.Prescription.Volume.Gen3AThreeDayEligibilityMatrixTests" name="ExplicitZero_UsesApprovedProjectionAndTypedEligibility" />
    </UnitTest>
    <UnitTest name="RunningApp.IntegrationTests.RuntimeCatalog.Schedule.Materialization.Gen3AThreeDayCoreTests.Calendar_ThreeDayPatterns_PreserveResolvedCardinalityAndSeparation(preferred: [Tuesday, Wednesday, Saturday], longRunDay: Saturday)" storage="c:\users\vatan\desktop\runner\backend\runningapp.integrationtests\bin\debug\net9.0\runningapp.integrationtests.dll" id="1bb57da5-96a9-4271-9498-071427f49e82">
      <Execution id="c22ce17a-cea1-40c0-905f-5dee24f358cb" />
      <TestMethod codeBase="C:\Users\vatan\Desktop\runner\backend\RunningApp.IntegrationTests\bin\Debug\net9.0\RunningApp.IntegrationTests.dll" adapterTypeName="executor://xunit/VsTestRunner2/netcoreapp" className="RunningApp.IntegrationTests.RuntimeCatalog.Schedule.Materialization.Gen3AThreeDayCoreTests" name="Calendar_ThreeDayPatterns_PreserveResolvedCardinalityAndSeparation" />
    </UnitTest>
    <UnitTest name="RunningApp.IntegrationTests.RuntimeCatalog.Prescription.Volume.Gen3AThreeDayEligibilityMatrixTests.ExplicitZero_UsesApprovedProjectionAndTypedEligibility(weeks: 8, preTaper: 17,5, taper: 9,5, eligible: False)" storage="c:\users\vatan\desktop\runner\backend\runningapp.integrationtests\bin\debug\net9.0\runningapp.integrationtests.dll" id="418a3775-c0cc-e457-69e2-35adb5aa5f2d">
      <Execution id="bd8f9300-fbc3-4357-89f5-e6e1d210c700" />
      <TestMethod codeBase="C:\Users\vatan\Desktop\runner\backend\RunningApp.IntegrationTests\bin\Debug\net9.0\RunningApp.IntegrationTests.dll" adapterTypeName="executor://xunit/VsTestRunner2/netcoreapp" className="RunningApp.IntegrationTests.RuntimeCatalog.Prescription.Volume.Gen3AThreeDayEligibilityMatrixTests" name="ExplicitZero_UsesApprovedProjectionAndTypedEligibility" />
    </UnitTest>
    <UnitTest name="RunningApp.IntegrationTests.Gen3BThreeDayPublicActivationTests.NonCoreThreeDayHorizons_RemainUnactivated(weeks: 15)" storage="c:\users\vatan\desktop\runner\backend\runningapp.integrationtests\bin\debug\net9.0\runningapp.integrationtests.dll" id="30537790-6ae5-e23a-f439-b2731f62804c">
      <Execution id="83072c42-c7bf-4d18-a6aa-866220171b91" />
      <TestMethod codeBase="C:\Users\vatan\Desktop\runner\backend\RunningApp.IntegrationTests\bin\Debug\net9.0\RunningApp.IntegrationTests.dll" adapterTypeName="executor://xunit/VsTestRunner2/netcoreapp" className="RunningApp.IntegrationTests.Gen3BThreeDayPublicActivationTests" name="NonCoreThreeDayHorizons_RemainUnactivated" />
    </UnitTest>
    <UnitTest name="RunningApp.IntegrationTests.RuntimeCatalog.Prescription.Session.Gen3AThreeDayAllocationMatrixTests.Allocate_BelowFloorOrNonReconcilable_FailsClosed(weekly: 11,5)" storage="c:\users\vatan\desktop\runner\backend\runningapp.integrationtests\bin\debug\net9.0\runningapp.integrationtests.dll" id="b77f47ef-1d03-0053-18a2-2139fdf032f9">
      <Execution id="8031c123-5a07-4143-bb1c-d43d7396837d" />
      <TestMethod codeBase="C:\Users\vatan\Desktop\runner\backend\RunningApp.IntegrationTests\bin\Debug\net9.0\RunningApp.IntegrationTests.dll" adapterTypeName="executor://xunit/VsTestRunner2/netcoreapp" className="RunningApp.IntegrationTests.RuntimeCatalog.Prescription.Session.Gen3AThreeDayAllocationMatrixTests" name="Allocate_BelowFloorOrNonReconcilable_FailsClosed" />
    </UnitTest>
    <UnitTest name="RunningApp.IntegrationTests.Gen3BThreeDayPublicActivationTests.ExplicitZeroShortCore_ReturnsTypedProductIneligibility(weeks: 11)" storage="c:\users\vatan\desktop\runner\backend\runningapp.integrationtests\bin\debug\net9.0\runningapp.integrationtests.dll" id="96ddd189-f92a-dfa2-aff2-02353995e962">
      <Execution id="f3a78c7a-7d1a-4abf-91e9-6530cba8ee4a" />
      <TestMethod codeBase="C:\Users\vatan\Desktop\runner\backend\RunningApp.IntegrationTests\bin\Debug\net9.0\RunningApp.IntegrationTests.dll" adapterTypeName="executor://xunit/VsTestRunner2/netcoreapp" className="RunningApp.IntegrationTests.Gen3BThreeDayPublicActivationTests" name="ExplicitZeroShortCore_ReturnsTypedProductIneligibility" />
    </UnitTest>
    <UnitTest name="RunningApp.IntegrationTests.RuntimeCatalog.Schedule.Materialization.Gen3AThreeDayCoreTests.DynamicAuthority_ProducesCanonicalThreeRoleWeeks(weeks: 14)" storage="c:\users\vatan\desktop\runner\backend\runningapp.integrationtests\bin\debug\net9.0\runningapp.integrationtests.dll" id="dfcdb99f-5407-851e-eb08-735d0b2b9ea8">
      <Execution id="ffdb9c51-8ba9-493f-b426-1b20a5c7dbcc" />
      <TestMethod codeBase="C:\Users\vatan\Desktop\runner\backend\RunningApp.IntegrationTests\bin\Debug\net9.0\RunningApp.IntegrationTests.dll" adapterTypeName="executor://xunit/VsTestRunner2/netcoreapp" className="RunningApp.IntegrationTests.RuntimeCatalog.Schedule.Materialization.Gen3AThreeDayCoreTests" name="DynamicAuthority_ProducesCanonicalThreeRoleWeeks" />
    </UnitTest>
    <UnitTest name="RunningApp.IntegrationTests.RuntimeCatalog.Schedule.Materialization.Gen3AThreeDayCoreTests.Calendar_ThreeDayPatterns_PreserveResolvedCardinalityAndSeparation(preferred: [Monday, Friday, Sunday], longRunDay: Friday)" storage="c:\users\vatan\desktop\runner\backend\runningapp.integrationtests\bin\debug\net9.0\runningapp.integrationtests.dll" id="f234ebc0-9143-b141-d969-2fa13ce463d9">
      <Execution id="0d68554c-c47b-48c3-8ac7-8c593428f4be" />
      <TestMethod codeBase="C:\Users\vatan\Desktop\runner\backend\RunningApp.IntegrationTests\bin\Debug\net9.0\RunningApp.IntegrationTests.dll" adapterTypeName="executor://xunit/VsTestRunner2/netcoreapp" className="RunningApp.IntegrationTests.RuntimeCatalog.Schedule.Materialization.Gen3AThreeDayCoreTests" name="Calendar_ThreeDayPatterns_PreserveResolvedCardinalityAndSeparation" />
    </UnitTest>
    <UnitTest name="RunningApp.IntegrationTests.Gen3BThreeDayPublicActivationTests.NonCoreThreeDayHorizons_RemainUnactivated(weeks: 21)" storage="c:\users\vatan\desktop\runner\backend\runningapp.integrationtests\bin\debug\net9.0\runningapp.integrationtests.dll" id="db0f1710-32c9-780e-b7e6-25a04b4fb966">
      <Execution id="d9699c6e-c430-4285-901f-a61b0427404e" />
      <TestMethod codeBase="C:\Users\vatan\Desktop\runner\backend\RunningApp.IntegrationTests\bin\Debug\net9.0\RunningApp.IntegrationTests.dll" adapterTypeName="executor://xunit/VsTestRunner2/netcoreapp" className="RunningApp.IntegrationTests.Gen3BThreeDayPublicActivationTests" name="NonCoreThreeDayHorizons_RemainUnactivated" />
    </UnitTest>
    <UnitTest name="RunningApp.IntegrationTests.Gen3BThreeDayPublicActivationTests.WrongCombination_NeverNearestMatches(level: &quot;intermediate&quot;, days: 5)" storage="c:\users\vatan\desktop\runner\backend\runningapp.integrationtests\bin\debug\net9.0\runningapp.integrationtests.dll" id="7e624d78-79e3-fbbe-1e3e-4d5e50c825f1">
      <Execution id="19c6e9b8-928a-4917-aeba-60e22b9ba0f1" />
      <TestMethod codeBase="C:\Users\vatan\Desktop\runner\backend\RunningApp.IntegrationTests\bin\Debug\net9.0\RunningApp.IntegrationTests.dll" adapterTypeName="executor://xunit/VsTestRunner2/netcoreapp" className="RunningApp.IntegrationTests.Gen3BThreeDayPublicActivationTests" name="WrongCombination_NeverNearestMatches" />
    </UnitTest>
    <UnitTest name="RunningApp.IntegrationTests.RuntimeCatalog.Schedule.Materialization.Gen3AThreeDayCoreTests.Candidate_IsManifestComposition_WithOrderedThreeDayLayout" storage="c:\users\vatan\desktop\runner\backend\runningapp.integrationtests\bin\debug\net9.0\runningapp.integrationtests.dll" id="7e5647a2-b1e1-f1ea-9e83-a76a06e26b5a">
      <Execution id="dfa8f867-d246-4de4-a9d2-208a54dbff62" />
      <TestMethod codeBase="C:\Users\vatan\Desktop\runner\backend\RunningApp.IntegrationTests\bin\Debug\net9.0\RunningApp.IntegrationTests.dll" adapterTypeName="executor://xunit/VsTestRunner2/netcoreapp" className="RunningApp.IntegrationTests.RuntimeCatalog.Schedule.Materialization.Gen3AThreeDayCoreTests" name="Candidate_IsManifestComposition_WithOrderedThreeDayLayout" />
    </UnitTest>
    <UnitTest name="RunningApp.IntegrationTests.Gen3BThreeDayPublicActivationTests.EligibleThreeDayCoreHorizon_PublicPreviewHasExactlyThreeRoles(weeks: 10)" storage="c:\users\vatan\desktop\runner\backend\runningapp.integrationtests\bin\debug\net9.0\runningapp.integrationtests.dll" id="e971d7aa-8424-941b-e813-3d18f2015399">
      <Execution id="0e20bfa6-72ef-48d3-afb9-96e939d53589" />
      <TestMethod codeBase="C:\Users\vatan\Desktop\runner\backend\RunningApp.IntegrationTests\bin\Debug\net9.0\RunningApp.IntegrationTests.dll" adapterTypeName="executor://xunit/VsTestRunner2/netcoreapp" className="RunningApp.IntegrationTests.Gen3BThreeDayPublicActivationTests" name="EligibleThreeDayCoreHorizon_PublicPreviewHasExactlyThreeRoles" />
    </UnitTest>
    <UnitTest name="RunningApp.IntegrationTests.RuntimeCatalog.Prescription.Session.Gen3AThreeDayAllocationMatrixTests.Allocate_BelowFloorOrNonReconcilable_FailsClosed(weekly: 0)" storage="c:\users\vatan\desktop\runner\backend\runningapp.integrationtests\bin\debug\net9.0\runningapp.integrationtests.dll" id="7c5c935d-4abb-b480-0250-1c78b708af5c">
      <Execution id="b114ee67-dafa-4464-a7dd-660713d07f04" />
      <TestMethod codeBase="C:\Users\vatan\Desktop\runner\backend\RunningApp.IntegrationTests\bin\Debug\net9.0\RunningApp.IntegrationTests.dll" adapterTypeName="executor://xunit/VsTestRunner2/netcoreapp" className="RunningApp.IntegrationTests.RuntimeCatalog.Prescription.Session.Gen3AThreeDayAllocationMatrixTests" name="Allocate_BelowFloorOrNonReconcilable_FailsClosed" />
    </UnitTest>
    <UnitTest name="RunningApp.IntegrationTests.Gen3BThreeDayPublicActivationTests.WrongCombination_NeverNearestMatches(level: &quot;beginner&quot;, days: 3)" storage="c:\users\vatan\desktop\runner\backend\runningapp.integrationtests\bin\debug\net9.0\runningapp.integrationtests.dll" id="0d8501a4-6a56-168c-ff1f-6e2855c00d0b">
      <Execution id="73bd5e10-c1a9-48e6-9c72-650e73fc9e4f" />
      <TestMethod codeBase="C:\Users\vatan\Desktop\runner\backend\RunningApp.IntegrationTests\bin\Debug\net9.0\RunningApp.IntegrationTests.dll" adapterTypeName="executor://xunit/VsTestRunner2/netcoreapp" className="RunningApp.IntegrationTests.Gen3BThreeDayPublicActivationTests" name="WrongCombination_NeverNearestMatches" />
    </UnitTest>
    <UnitTest name="RunningApp.IntegrationTests.Gen3BThreeDayPublicActivationTests.EligibleThreeDayCoreHorizon_PublicPreviewHasExactlyThreeRoles(weeks: 9)" storage="c:\users\vatan\desktop\runner\backend\runningapp.integrationtests\bin\debug\net9.0\runningapp.integrationtests.dll" id="c9f4e9be-80ba-6510-5721-612d393657c5">
      <Execution id="0ea04426-61ec-4069-b056-327562751e6f" />
      <TestMethod codeBase="C:\Users\vatan\Desktop\runner\backend\RunningApp.IntegrationTests\bin\Debug\net9.0\RunningApp.IntegrationTests.dll" adapterTypeName="executor://xunit/VsTestRunner2/netcoreapp" className="RunningApp.IntegrationTests.Gen3BThreeDayPublicActivationTests" name="EligibleThreeDayCoreHorizon_PublicPreviewHasExactlyThreeRoles" />
    </UnitTest>
    <UnitTest name="RunningApp.IntegrationTests.RuntimeCatalog.Schedule.Materialization.Gen3AThreeDayCoreTests.Calendar_NoCompleteCrossWeekAssignment_FailsClosed" storage="c:\users\vatan\desktop\runner\backend\runningapp.integrationtests\bin\debug\net9.0\runningapp.integrationtests.dll" id="31efd001-1c04-916d-71b4-0c2382799ec8">
      <Execution id="8c8e773c-d1f2-4dbc-ac5d-47ddc18f780c" />
      <TestMethod codeBase="C:\Users\vatan\Desktop\runner\backend\RunningApp.IntegrationTests\bin\Debug\net9.0\RunningApp.IntegrationTests.dll" adapterTypeName="executor://xunit/VsTestRunner2/netcoreapp" className="RunningApp.IntegrationTests.RuntimeCatalog.Schedule.Materialization.Gen3AThreeDayCoreTests" name="Calendar_NoCompleteCrossWeekAssignment_FailsClosed" />
    </UnitTest>
    <UnitTest name="RunningApp.IntegrationTests.Gen3BThreeDayPublicActivationTests.ThreeDayPreferredDayMembership_IsValidated(duplicateDays: True)" storage="c:\users\vatan\desktop\runner\backend\runningapp.integrationtests\bin\debug\net9.0\runningapp.integrationtests.dll" id="685196ee-bf0d-13b9-9dd3-04ed97109d9e">
      <Execution id="39f8d232-c27d-4f23-8bea-981df39a4630" />
      <TestMethod codeBase="C:\Users\vatan\Desktop\runner\backend\RunningApp.IntegrationTests\bin\Debug\net9.0\RunningApp.IntegrationTests.dll" adapterTypeName="executor://xunit/VsTestRunner2/netcoreapp" className="RunningApp.IntegrationTests.Gen3BThreeDayPublicActivationTests" name="ThreeDayPreferredDayMembership_IsValidated" />
    </UnitTest>
    <UnitTest name="RunningApp.IntegrationTests.RuntimeCatalog.Prescription.Session.Gen3A2ThreeDayFinalPrescriptionTests.RealThreeDayCandidate_ReachesValidFinalPrescription(weeks: 14, recentWeekly: 20, longest: 8, runs: 3)" storage="c:\users\vatan\desktop\runner\backend\runningapp.integrationtests\bin\debug\net9.0\runningapp.integrationtests.dll" id="8b135c89-aad2-c605-6685-b96e3264885d">
      <Execution id="ea5eb926-7fba-4983-8868-54408bcf5685" />
      <TestMethod codeBase="C:\Users\vatan\Desktop\runner\backend\RunningApp.IntegrationTests\bin\Debug\net9.0\RunningApp.IntegrationTests.dll" adapterTypeName="executor://xunit/VsTestRunner2/netcoreapp" className="RunningApp.IntegrationTests.RuntimeCatalog.Prescription.Session.Gen3A2ThreeDayFinalPrescriptionTests" name="RealThreeDayCandidate_ReachesValidFinalPrescription" />
    </UnitTest>
    <UnitTest name="RunningApp.IntegrationTests.RuntimeCatalog.Schedule.Materialization.Gen3AThreeDayCoreTests.DynamicAuthority_ProducesCanonicalThreeRoleWeeks(weeks: 9)" storage="c:\users\vatan\desktop\runner\backend\runningapp.integrationtests\bin\debug\net9.0\runningapp.integrationtests.dll" id="77ccf2a6-9d30-1cad-969e-fc6025e0d4b1">
      <Execution id="64bb16b3-548a-48b2-ac3a-fa34fdeef30a" />
      <TestMethod codeBase="C:\Users\vatan\Desktop\runner\backend\RunningApp.IntegrationTests\bin\Debug\net9.0\RunningApp.IntegrationTests.dll" adapterTypeName="executor://xunit/VsTestRunner2/netcoreapp" className="RunningApp.IntegrationTests.RuntimeCatalog.Schedule.Materialization.Gen3AThreeDayCoreTests" name="DynamicAuthority_ProducesCanonicalThreeRoleWeeks" />
    </UnitTest>
    <UnitTest name="RunningApp.IntegrationTests.RuntimeCatalog.Prescription.Session.Gen3A2ThreeDayFinalPrescriptionTests.RealThreeDayCandidate_ReachesValidFinalPrescription(weeks: 12, recentWeekly: null, longest: 8, runs: 3)" storage="c:\users\vatan\desktop\runner\backend\runningapp.integrationtests\bin\debug\net9.0\runningapp.integrationtests.dll" id="511a092a-8ff0-d6e3-baef-59e816da82fc">
      <Execution id="1ad854c5-0921-45d6-9791-9e1ed552f977" />
      <TestMethod codeBase="C:\Users\vatan\Desktop\runner\backend\RunningApp.IntegrationTests\bin\Debug\net9.0\RunningApp.IntegrationTests.dll" adapterTypeName="executor://xunit/VsTestRunner2/netcoreapp" className="RunningApp.IntegrationTests.RuntimeCatalog.Prescription.Session.Gen3A2ThreeDayFinalPrescriptionTests" name="RealThreeDayCandidate_ReachesValidFinalPrescription" />
    </UnitTest>
    <UnitTest name="RunningApp.IntegrationTests.Gen3BThreeDayPublicActivationTests.EligibleThreeDayCoreHorizon_PublicPreviewHasExactlyThreeRoles(weeks: 13)" storage="c:\users\vatan\desktop\runner\backend\runningapp.integrationtests\bin\debug\net9.0\runningapp.integrationtests.dll" id="f9acd73b-c3fe-6e68-b2e2-b867db8837bc">
      <Execution id="781ef1c7-c2fa-4b00-80ee-53d2a98acaa3" />
      <TestMethod codeBase="C:\Users\vatan\Desktop\runner\backend\RunningApp.IntegrationTests\bin\Debug\net9.0\RunningApp.IntegrationTests.dll" adapterTypeName="executor://xunit/VsTestRunner2/netcoreapp" className="RunningApp.IntegrationTests.Gen3BThreeDayPublicActivationTests" name="EligibleThreeDayCoreHorizon_PublicPreviewHasExactlyThreeRoles" />
    </UnitTest>
    <UnitTest name="RunningApp.IntegrationTests.RuntimeCatalog.Prescription.Session.Gen3AThreeDayAllocationMatrixTests.Allocate_MatchesApprovedMatrix_AndAllHardConstraints(weekly: 12, key: 4, easy: 3, longer: 5)" storage="c:\users\vatan\desktop\runner\backend\runningapp.integrationtests\bin\debug\net9.0\runningapp.integrationtests.dll" id="5636db40-75e2-ec35-7a46-bf242ba3d3cb">
      <Execution id="ca0d2513-f606-41a1-a321-1e4e64d8a63a" />
      <TestMethod codeBase="C:\Users\vatan\Desktop\runner\backend\RunningApp.IntegrationTests\bin\Debug\net9.0\RunningApp.IntegrationTests.dll" adapterTypeName="executor://xunit/VsTestRunner2/netcoreapp" className="RunningApp.IntegrationTests.RuntimeCatalog.Prescription.Session.Gen3AThreeDayAllocationMatrixTests" name="Allocate_MatchesApprovedMatrix_AndAllHardConstraints" />
    </UnitTest>
    <UnitTest name="RunningApp.IntegrationTests.RuntimeCatalog.Schedule.Materialization.Gen3AThreeDayCoreTests.Calendar_ThreeDayPatterns_PreserveResolvedCardinalityAndSeparation(preferred: [Tuesday, Thursday, Saturday], longRunDay: Tuesday)" storage="c:\users\vatan\desktop\runner\backend\runningapp.integrationtests\bin\debug\net9.0\runningapp.integrationtests.dll" id="3079bccc-f6f0-17ed-a7aa-9052bbded7da">
      <Execution id="f14a599b-02cc-4bf1-8cd7-8f0f9580f861" />
      <TestMethod codeBase="C:\Users\vatan\Desktop\runner\backend\RunningApp.IntegrationTests\bin\Debug\net9.0\RunningApp.IntegrationTests.dll" adapterTypeName="executor://xunit/VsTestRunner2/netcoreapp" className="RunningApp.IntegrationTests.RuntimeCatalog.Schedule.Materialization.Gen3AThreeDayCoreTests" name="Calendar_ThreeDayPatterns_PreserveResolvedCardinalityAndSeparation" />
    </UnitTest>
    <UnitTest name="RunningApp.IntegrationTests.Gen3BThreeDayPublicActivationTests.ExplicitZeroShortCore_ReturnsTypedProductIneligibility(weeks: 9)" storage="c:\users\vatan\desktop\runner\backend\runningapp.integrationtests\bin\debug\net9.0\runningapp.integrationtests.dll" id="6c93df5d-c842-401e-9408-8b0d7e4cd272">
      <Execution id="c6a9eb79-0a3b-4084-930a-3adb58ad72c4" />
      <TestMethod codeBase="C:\Users\vatan\Desktop\runner\backend\RunningApp.IntegrationTests\bin\Debug\net9.0\RunningApp.IntegrationTests.dll" adapterTypeName="executor://xunit/VsTestRunner2/netcoreapp" className="RunningApp.IntegrationTests.Gen3BThreeDayPublicActivationTests" name="ExplicitZeroShortCore_ReturnsTypedProductIneligibility" />
    </UnitTest>
    <UnitTest name="RunningApp.IntegrationTests.RuntimeCatalog.Schedule.Materialization.Gen3AThreeDayCoreTests.DynamicAuthority_ProducesCanonicalThreeRoleWeeks(weeks: 8)" storage="c:\users\vatan\desktop\runner\backend\runningapp.integrationtests\bin\debug\net9.0\runningapp.integrationtests.dll" id="f4c5368b-4e3c-ddd0-aad9-92db329cb0ae">
      <Execution id="f6f84102-bb16-4039-b47f-0d19c0a17dde" />
      <TestMethod codeBase="C:\Users\vatan\Desktop\runner\backend\RunningApp.IntegrationTests\bin\Debug\net9.0\RunningApp.IntegrationTests.dll" adapterTypeName="executor://xunit/VsTestRunner2/netcoreapp" className="RunningApp.IntegrationTests.RuntimeCatalog.Schedule.Materialization.Gen3AThreeDayCoreTests" name="DynamicAuthority_ProducesCanonicalThreeRoleWeeks" />
    </UnitTest>
    <UnitTest name="RunningApp.IntegrationTests.Gen3BThreeDayPublicActivationTests.ThreeDayPreferredDayMembership_IsValidated(duplicateDays: False)" storage="c:\users\vatan\desktop\runner\backend\runningapp.integrationtests\bin\debug\net9.0\runningapp.integrationtests.dll" id="7c154638-4556-abc2-a0be-720855c03147">
      <Execution id="e147883f-0548-4b9b-9af5-29a4ca8d9c2c" />
      <TestMethod codeBase="C:\Users\vatan\Desktop\runner\backend\RunningApp.IntegrationTests\bin\Debug\net9.0\RunningApp.IntegrationTests.dll" adapterTypeName="executor://xunit/VsTestRunner2/netcoreapp" className="RunningApp.IntegrationTests.Gen3BThreeDayPublicActivationTests" name="ThreeDayPreferredDayMembership_IsValidated" />
    </UnitTest>
    <UnitTest name="RunningApp.IntegrationTests.RuntimeCatalog.Prescription.Session.Gen3AThreeDayAllocationMatrixTests.Allocate_MatchesApprovedMatrix_AndAllHardConstraints(weekly: 16, key: 5,5, easy: 4, longer: 6,5)" storage="c:\users\vatan\desktop\runner\backend\runningapp.integrationtests\bin\debug\net9.0\runningapp.integrationtests.dll" id="12d4f6b1-4fe6-663c-6af9-811ae2682dd3">
      <Execution id="ba7b8798-6405-45e7-97a0-34e17c252a74" />
      <TestMethod codeBase="C:\Users\vatan\Desktop\runner\backend\RunningApp.IntegrationTests\bin\Debug\net9.0\RunningApp.IntegrationTests.dll" adapterTypeName="executor://xunit/VsTestRunner2/netcoreapp" className="RunningApp.IntegrationTests.RuntimeCatalog.Prescription.Session.Gen3AThreeDayAllocationMatrixTests" name="Allocate_MatchesApprovedMatrix_AndAllHardConstraints" />
    </UnitTest>
    <UnitTest name="RunningApp.IntegrationTests.RuntimeCatalog.Schedule.Materialization.Gen3AThreeDayCoreTests.DynamicAuthority_ProducesCanonicalThreeRoleWeeks(weeks: 12)" storage="c:\users\vatan\desktop\runner\backend\runningapp.integrationtests\bin\debug\net9.0\runningapp.integrationtests.dll" id="480b4c39-1238-87de-13ff-028f310636d7">
      <Execution id="aee5ed30-3598-4010-a8c1-116ce0fb7631" />
      <TestMethod codeBase="C:\Users\vatan\Desktop\runner\backend\RunningApp.IntegrationTests\bin\Debug\net9.0\RunningApp.IntegrationTests.dll" adapterTypeName="executor://xunit/VsTestRunner2/netcoreapp" className="RunningApp.IntegrationTests.RuntimeCatalog.Schedule.Materialization.Gen3AThreeDayCoreTests" name="DynamicAuthority_ProducesCanonicalThreeRoleWeeks" />
    </UnitTest>
    <UnitTest name="RunningApp.IntegrationTests.Gen3BThreeDayPublicActivationTests.TwelveWeek_ResetPreviewConfirmReadAndComplete_PersistsExactlyThirtySixDays" storage="c:\users\vatan\desktop\runner\backend\runningapp.integrationtests\bin\debug\net9.0\runningapp.integrationtests.dll" id="80560464-9e6c-a238-9a16-68bc6f5c55da">
      <Execution id="3b23bdb0-4221-416c-8cad-27fd82eb18e9" />
      <TestMethod codeBase="C:\Users\vatan\Desktop\runner\backend\RunningApp.IntegrationTests\bin\Debug\net9.0\RunningApp.IntegrationTests.dll" adapterTypeName="executor://xunit/VsTestRunner2/netcoreapp" className="RunningApp.IntegrationTests.Gen3BThreeDayPublicActivationTests" name="TwelveWeek_ResetPreviewConfirmReadAndComplete_PersistsExactlyThirtySixDays" />
    </UnitTest>
    <UnitTest name="RunningApp.IntegrationTests.RuntimeCatalog.Prescription.Volume.Gen3AThreeDayEligibilityMatrixTests.ExplicitZero_UsesApprovedProjectionAndTypedEligibility(weeks: 10, preTaper: 19,5, taper: 10,5, eligible: False)" storage="c:\users\vatan\desktop\runner\backend\runningapp.integrationtests\bin\debug\net9.0\runningapp.integrationtests.dll" id="4a01dd23-7d80-f781-cf72-68e15a4c0676">
      <Execution id="963c0045-a12b-4408-85df-ee27ea1a778f" />
      <TestMethod codeBase="C:\Users\vatan\Desktop\runner\backend\RunningApp.IntegrationTests\bin\Debug\net9.0\RunningApp.IntegrationTests.dll" adapterTypeName="executor://xunit/VsTestRunner2/netcoreapp" className="RunningApp.IntegrationTests.RuntimeCatalog.Prescription.Volume.Gen3AThreeDayEligibilityMatrixTests" name="ExplicitZero_UsesApprovedProjectionAndTypedEligibility" />
    </UnitTest>
    <UnitTest name="RunningApp.IntegrationTests.RuntimeCatalog.Prescription.Session.Gen3AThreeDayAllocationMatrixTests.Allocate_InvalidResolvedLongRun_FailsClosedDeterministically(weekly: 12, resolvedLong: 4,5)" storage="c:\users\vatan\desktop\runner\backend\runningapp.integrationtests\bin\debug\net9.0\runningapp.integrationtests.dll" id="905ac14d-76bd-f918-0181-eedbbfbef558">
      <Execution id="98a788e0-5b34-4fe1-99d0-f2e0c5acb4e7" />
      <TestMethod codeBase="C:\Users\vatan\Desktop\runner\backend\RunningApp.IntegrationTests\bin\Debug\net9.0\RunningApp.IntegrationTests.dll" adapterTypeName="executor://xunit/VsTestRunner2/netcoreapp" className="RunningApp.IntegrationTests.RuntimeCatalog.Prescription.Session.Gen3AThreeDayAllocationMatrixTests" name="Allocate_InvalidResolvedLongRun_FailsClosedDeterministically" />
    </UnitTest>
    <UnitTest name="RunningApp.IntegrationTests.RuntimeCatalog.Prescription.Volume.Gen3AThreeDayEligibilityMatrixTests.ExplicitZero_UsesApprovedProjectionAndTypedEligibility(weeks: 9, preTaper: 18,5, taper: 10, eligible: False)" storage="c:\users\vatan\desktop\runner\backend\runningapp.integrationtests\bin\debug\net9.0\runningapp.integrationtests.dll" id="7be46e83-5023-1784-8012-e3f421198521">
      <Execution id="cacb3131-24de-47a0-a79a-2ea8f631646a" />
      <TestMethod codeBase="C:\Users\vatan\Desktop\runner\backend\RunningApp.IntegrationTests\bin\Debug\net9.0\RunningApp.IntegrationTests.dll" adapterTypeName="executor://xunit/VsTestRunner2/netcoreapp" className="RunningApp.IntegrationTests.RuntimeCatalog.Prescription.Volume.Gen3AThreeDayEligibilityMatrixTests" name="ExplicitZero_UsesApprovedProjectionAndTypedEligibility" />
    </UnitTest>
    <UnitTest name="RunningApp.IntegrationTests.RuntimeCatalog.Schedule.Materialization.Gen3AThreeDayCoreTests.DynamicAuthority_ProducesCanonicalThreeRoleWeeks(weeks: 11)" storage="c:\users\vatan\desktop\runner\backend\runningapp.integrationtests\bin\debug\net9.0\runningapp.integrationtests.dll" id="159b6fc4-178a-3f37-a7be-7c494abb95c4">
      <Execution id="f9dd42fc-d244-4d5d-8467-a0bce998b1b0" />
      <TestMethod codeBase="C:\Users\vatan\Desktop\runner\backend\RunningApp.IntegrationTests\bin\Debug\net9.0\RunningApp.IntegrationTests.dll" adapterTypeName="executor://xunit/VsTestRunner2/netcoreapp" className="RunningApp.IntegrationTests.RuntimeCatalog.Schedule.Materialization.Gen3AThreeDayCoreTests" name="DynamicAuthority_ProducesCanonicalThreeRoleWeeks" />
    </UnitTest>
    <UnitTest name="RunningApp.IntegrationTests.RuntimeCatalog.Prescription.Session.Gen3AThreeDayAllocationMatrixTests.Allocate_InvalidResolvedLongRun_FailsClosedDeterministically(weekly: 20, resolvedLong: 8,25)" storage="c:\users\vatan\desktop\runner\backend\runningapp.integrationtests\bin\debug\net9.0\runningapp.integrationtests.dll" id="3ad147a6-f6f7-079a-a80f-c03348bc1627">
      <Execution id="847c77fa-b30b-4c46-9261-2abf806a56c0" />
      <TestMethod codeBase="C:\Users\vatan\Desktop\runner\backend\RunningApp.IntegrationTests\bin\Debug\net9.0\RunningApp.IntegrationTests.dll" adapterTypeName="executor://xunit/VsTestRunner2/netcoreapp" className="RunningApp.IntegrationTests.RuntimeCatalog.Prescription.Session.Gen3AThreeDayAllocationMatrixTests" name="Allocate_InvalidResolvedLongRun_FailsClosedDeterministically" />
    </UnitTest>
    <UnitTest name="RunningApp.IntegrationTests.RuntimeCatalog.Prescription.Session.Gen3AThreeDayAllocationMatrixTests.Allocate_InvalidResolvedLongRun_FailsClosedDeterministically(weekly: 12, resolvedLong: 5,5)" storage="c:\users\vatan\desktop\runner\backend\runningapp.integrationtests\bin\debug\net9.0\runningapp.integrationtests.dll" id="81dd3430-25a8-f80c-f849-ba15d9cd282c">
      <Execution id="1e4e3d8e-f2df-4702-8ccc-2dd26572038c" />
      <TestMethod codeBase="C:\Users\vatan\Desktop\runner\backend\RunningApp.IntegrationTests\bin\Debug\net9.0\RunningApp.IntegrationTests.dll" adapterTypeName="executor://xunit/VsTestRunner2/netcoreapp" className="RunningApp.IntegrationTests.RuntimeCatalog.Prescription.Session.Gen3AThreeDayAllocationMatrixTests" name="Allocate_InvalidResolvedLongRun_FailsClosedDeterministically" />
    </UnitTest>
    <UnitTest name="RunningApp.IntegrationTests.RuntimeCatalog.Prescription.Volume.Gen3AThreeDayEligibilityMatrixTests.ExplicitZero_UsesApprovedProjectionAndTypedEligibility(weeks: 12, preTaper: 22,5, taper: 12, eligible: True)" storage="c:\users\vatan\desktop\runner\backend\runningapp.integrationtests\bin\debug\net9.0\runningapp.integrationtests.dll" id="211981d1-e17c-b6ed-176c-7755b053581c">
      <Execution id="14584ad2-f112-4451-b115-da776f0821d5" />
      <TestMethod codeBase="C:\Users\vatan\Desktop\runner\backend\RunningApp.IntegrationTests\bin\Debug\net9.0\RunningApp.IntegrationTests.dll" adapterTypeName="executor://xunit/VsTestRunner2/netcoreapp" className="RunningApp.IntegrationTests.RuntimeCatalog.Prescription.Volume.Gen3AThreeDayEligibilityMatrixTests" name="ExplicitZero_UsesApprovedProjectionAndTypedEligibility" />
    </UnitTest>
    <UnitTest name="RunningApp.IntegrationTests.RuntimeCatalog.Prescription.Session.Gen3AThreeDayAllocationMatrixTests.Allocate_MatchesApprovedMatrix_AndAllHardConstraints(weekly: 30, key: 10,5, easy: 7,5, longer: 12)" storage="c:\users\vatan\desktop\runner\backend\runningapp.integrationtests\bin\debug\net9.0\runningapp.integrationtests.dll" id="44d8ee89-31a6-99d1-7aeb-f6f781973520">
      <Execution id="83ee8b24-079f-4432-85ee-721a070889c6" />
      <TestMethod codeBase="C:\Users\vatan\Desktop\runner\backend\RunningApp.IntegrationTests\bin\Debug\net9.0\RunningApp.IntegrationTests.dll" adapterTypeName="executor://xunit/VsTestRunner2/netcoreapp" className="RunningApp.IntegrationTests.RuntimeCatalog.Prescription.Session.Gen3AThreeDayAllocationMatrixTests" name="Allocate_MatchesApprovedMatrix_AndAllHardConstraints" />
    </UnitTest>
    <UnitTest name="RunningApp.IntegrationTests.RuntimeCatalog.Prescription.Session.Gen3A2ThreeDayFinalPrescriptionTests.RealThreeDayCandidate_ReachesValidFinalPrescription(weeks: 12, recentWeekly: 20, longest: 8, runs: 3)" storage="c:\users\vatan\desktop\runner\backend\runningapp.integrationtests\bin\debug\net9.0\runningapp.integrationtests.dll" id="d11534ea-85c1-144a-7d6e-5e45818eadcb">
      <Execution id="54af4ba8-ba0f-46f0-b7f3-1eac312851da" />
      <TestMethod codeBase="C:\Users\vatan\Desktop\runner\backend\RunningApp.IntegrationTests\bin\Debug\net9.0\RunningApp.IntegrationTests.dll" adapterTypeName="executor://xunit/VsTestRunner2/netcoreapp" className="RunningApp.IntegrationTests.RuntimeCatalog.Prescription.Session.Gen3A2ThreeDayFinalPrescriptionTests" name="RealThreeDayCandidate_ReachesValidFinalPrescription" />
    </UnitTest>
    <UnitTest name="RunningApp.IntegrationTests.RuntimeCatalog.Prescription.Session.Gen3AThreeDayAllocationMatrixTests.Allocate_EqualErrorTie_UsesStableStructuralOrder" storage="c:\users\vatan\desktop\runner\backend\runningapp.integrationtests\bin\debug\net9.0\runningapp.integrationtests.dll" id="35163cd6-2085-4020-5fa0-d87ccf7452d2">
      <Execution id="3b6b309b-43bb-4dbe-a545-c6f7b52363fb" />
      <TestMethod codeBase="C:\Users\vatan\Desktop\runner\backend\RunningApp.IntegrationTests\bin\Debug\net9.0\RunningApp.IntegrationTests.dll" adapterTypeName="executor://xunit/VsTestRunner2/netcoreapp" className="RunningApp.IntegrationTests.RuntimeCatalog.Prescription.Session.Gen3AThreeDayAllocationMatrixTests" name="Allocate_EqualErrorTie_UsesStableStructuralOrder" />
    </UnitTest>
[...]
      FROM "TrainingWeeks" AS t&#xD;
      WHERE t."PlanId" = @__plan_Id_0&#xD;
info: Microsoft.EntityFrameworkCore.Database.Command[20101]&#xD;
      Executed DbCommand (1ms) [Parameters=[@__plan_Id_0='?' (DbType = Guid), @__weekStart_1='?' (DbType = DateTime), @__weekEnd_2='?' (DbType = DateTime)], CommandType='Text', CommandTimeout='30']&#xD;
      SELECT t."Id", t."ActualDistanceKm", t."ActualDurationMin", t."ActualPaceMinKm", t."AdaptedFromId", t."CanMarkComplete", t."CanMarkNotToday", t."CatalogIntensityKey", t."CatalogPhaseKey", t."CatalogPrescriptionJson", t."CatalogPrescriptionSchemaVersion", t."CatalogProgressionStageKey", t."CatalogSlotRole", t."CatalogStageKey", t."CatalogStructuralRole", t."CatalogWorkoutDefinitionKey", t."CatalogWorkoutDefinitionVersion", t."CatalogWorkoutFamily", t."CatalogWorkoutKey", t."CatalogWorkoutVersion", t."CompletedAt", t."CreatedAt", t."Date", t."DayType", t."Description", t."GenerationSource", t."Intensity", t."IsLongRun", t."OriginalDate", t."OriginalType", t."PlanId", t."PlanVersion", t."PlannedDistanceKm", t."PlannedDurationMin", t."PlannedPaceMinKm", t."Source", t."Status", t."Title", t."UpdatedAt", t."WeekId"&#xD;
      FROM "TrainingDays" AS t&#xD;
      WHERE t."PlanId" = @__plan_Id_0 AND t."Date" &gt;= @__weekStart_1 AND t."Date" &lt;= @__weekEnd_2&#xD;
info: Microsoft.EntityFrameworkCore.Database.Command[20101]&#xD;
      Executed DbCommand (1ms) [Parameters=[@__type_0='?', @__goal_1='?', @__level_2='?'], CommandType='Text', CommandTimeout='30']&#xD;
      SELECT d."Id", d."CreatedAt", d."GoalType", d."Language", d."Level", d."Message", d."TipKey", d."Title", d."WorkoutType"&#xD;
      FROM "DailyTipSets" AS d&#xD;
      WHERE d."WorkoutType" = @__type_0 AND d."GoalType" = @__goal_1 AND d."Level" = @__level_2&#xD;
      LIMIT 1&#xD;
info: Microsoft.EntityFrameworkCore.Database.Command[20101]&#xD;
      Executed DbCommand (1ms) [Parameters=[@__type_0='?'], CommandType='Text', CommandTimeout='30']&#xD;
      SELECT d."Id", d."CreatedAt", d."GoalType", d."Language", d."Level", d."Message", d."TipKey", d."Title", d."WorkoutType"&#xD;
      FROM "DailyTipSets" AS d&#xD;
      WHERE d."WorkoutType" = @__type_0&#xD;
      LIMIT 1&#xD;
info: Microsoft.EntityFrameworkCore.Database.Command[20101]&#xD;
      Executed DbCommand (1ms) [Parameters=[], CommandType='Text', CommandTimeout='30']&#xD;
      SELECT d."Id", d."CreatedAt", d."GoalType", d."Language", d."Level", d."Message", d."TipKey", d."Title", d."WorkoutType"&#xD;
      FROM "DailyTipSets" AS d&#xD;
      WHERE d."WorkoutType" IS NULL&#xD;
      LIMIT 1&#xD;
info: RunningApp.Api.Logging.RequestLoggingMiddleware[0]&#xD;
      [94fa52e915df46dc9d77e1b5d5400377] GET /api/v1/plans/active/home -&gt; 200 in 108ms (user=mock-user-001)&#xD;
info: Microsoft.EntityFrameworkCore.Database.Command[20101]&#xD;
      Executed DbCommand (2ms) [Parameters=[@__firebaseUid_0='?'], CommandType='Text', CommandTimeout='30']&#xD;
      SELECT u."Id", u."CreatedAt", u."DisplayName", u."Email", u."EmailVerified", u."ExternalAuthProvider", u."ExternalUserId", u."PhotoUrl", u."UpdatedAt", u0."Id", u0."CreatedAt", u0."InternalUserId", u0."Unit", u0."UpdatedAt"&#xD;
      FROM "Users" AS u&#xD;
      LEFT JOIN "UserProfiles" AS u0 ON u."Id" = u0."InternalUserId"&#xD;
      WHERE u."ExternalAuthProvider" = 'firebase' AND u."ExternalUserId" = @__firebaseUid_0&#xD;
      LIMIT 1&#xD;
info: Microsoft.EntityFrameworkCore.Database.Command[20101]&#xD;
      Executed DbCommand (2ms) [Parameters=[@__internalUserId_0='?' (DbType = Guid)], CommandType='Text', CommandTimeout='30']&#xD;
      SELECT t."Id", t."CancelledAt", t."CanonicalDistanceFamily", t."CatalogCandidateKey", t."CatalogCandidateStatusAtGenerationTime", t."CatalogCandidateVersion", t."CatalogConfirmedAtUtc", t."CatalogDependencyVersionsJson", t."CatalogLayoutKey", t."CatalogLayoutVersion", t."CatalogLevelModifierKey", t."CatalogLevelModifierVersion", t."CatalogMaterializerVersion", t."CatalogPeakVolumeBandPolicyKey", t."CatalogPeakVolumeBandPolicyVersion", t."CatalogPreviewContentHash", t."CatalogProgressionModifierKey", t."CatalogProgressionModifierVersion", t."CatalogRulePackKey", t."CatalogRulePackVersion", t."CatalogRuntimeConditionRegistryKey", t."CatalogRuntimeConditionRegistryVersion", t."CatalogTemplateKey", t."CatalogTemplateVersion", t."CatalogWorkoutProgressionKey", t."CatalogWorkoutProgressionVersion", t."CompletedAt", t."CreatedAt", t."CustomDurationWeeks", t."CustomGoalType", t."CustomTargetTimeSeconds", t."DaysPerWeek", t."EstimatedEndDate", t."GenerationSource", t."GoalDistance", t."GoalDistanceKm", t."GoalType", t."HabitPlanType", t."InjuryNotes", t."InternalUserId", t."Level", t."LongHorizonRollingPlanStateId", t."LongRunDay", t."PreferredDays", t."PreferredPace", t."RaceDate", t."RaceName", t."RequestedTargetDistanceKm", t."ScheduleStrategy", t."SourcePreviewId", t."StartedAt", t."Status", t."TargetFinishTimeSeconds", t."TemplateId", t."Unit", t."UpdatedAt", t."WeeklyAvailability"&#xD;
      FROM "TrainingPlans" AS t&#xD;
      WHERE t."InternalUserId" = @__internalUserId_0 AND t."Status" = 'active'&#xD;
      LIMIT 1&#xD;
info: Microsoft.EntityFrameworkCore.Database.Command[20101]&#xD;
      Executed DbCommand (1ms) [Parameters=[@__plan_Id_0='?' (DbType = Guid), @__startOfMonth_1='?' (DbType = DateTime), @__endOfMonth_2='?' (DbType = DateTime)], CommandType='Text', CommandTimeout='30']&#xD;
      SELECT t."Id", t."Date", t."DayType", t."Status", t."Title", t."Description", t."PlannedDistanceKm", t."PlannedDurationMin", t."PlannedPaceMinKm", t."Intensity", t."ActualDistanceKm", t."ActualDurationMin", t."IsLongRun", t."CanMarkComplete", t."CanMarkNotToday", t0."WeekNumber", t0."WeekType", t0."CatalogPhaseKey"&#xD;
      FROM "TrainingDays" AS t&#xD;
      INNER JOIN "TrainingWeeks" AS t0 ON t."WeekId" = t0."Id"&#xD;
      WHERE t."PlanId" = @__plan_Id_0 AND t."Date" &gt;= @__startOfMonth_1 AND t."Date" &lt;= @__endOfMonth_2&#xD;
info: RunningApp.Application.Services.QueryAndMutationServices[0]&#xD;
      GetCalendarAsync Completed. Month=2026-07, PlanId=3fa5d0c4-c10d-4137-9f67-bbc9a0dbc6f0, ActivePlanLookupDurationMs=2, TrainingDaysQueryDurationMs=14, DtoMappingDurationMs=7, TotalDurationMs=23&#xD;
info: RunningApp.Api.Logging.RequestLoggingMiddleware[0]&#xD;
      [5fb1cd6849824639a82b8f5a75e8a47e] GET /api/v1/plans/active/calendar -&gt; 200 in 37ms (user=mock-user-001)&#xD;
info: Microsoft.EntityFrameworkCore.Database.Command[20101]&#xD;
      Executed DbCommand (1ms) [Parameters=[@__firebaseUid_0='?'], CommandType='Text', CommandTimeout='30']&#xD;
      SELECT u."Id", u."CreatedAt", u."DisplayName", u."Email", u."EmailVerified", u."ExternalAuthProvider", u."ExternalUserId", u."PhotoUrl", u."UpdatedAt", u0."Id", u0."CreatedAt", u0."InternalUserId", u0."Unit", u0."UpdatedAt"&#xD;
      FROM "Users" AS u&#xD;
      LEFT JOIN "UserProfiles" AS u0 ON u."Id" = u0."InternalUserId"&#xD;
      WHERE u."ExternalAuthProvider" = 'firebase' AND u."ExternalUserId" = @__firebaseUid_0&#xD;
      LIMIT 1&#xD;
info: Microsoft.EntityFrameworkCore.Database.Command[20101]&#xD;
      Executed DbCommand (2ms) [Parameters=[@__trainingDayId_0='?' (DbType = Guid), @__internalUserId_1='?' (DbType = Guid)], CommandType='Text', CommandTimeout='30']&#xD;
      SELECT t."Id", t."ActualDistanceKm", t."ActualDurationMin", t."ActualPaceMinKm", t."AdaptedFromId", t."CanMarkComplete", t."CanMarkNotToday", t."CatalogIntensityKey", t."CatalogPhaseKey", t."CatalogPrescriptionJson", t."CatalogPrescriptionSchemaVersion", t."CatalogProgressionStageKey", t."CatalogSlotRole", t."CatalogStageKey", t."CatalogStructuralRole", t."CatalogWorkoutDefinitionKey", t."CatalogWorkoutDefinitionVersion", t."CatalogWorkoutFamily", t."CatalogWorkoutKey", t."CatalogWorkoutVersion", t."CompletedAt", t."CreatedAt", t."Date", t."DayType", t."Description", t."GenerationSource", t."Intensity", t."IsLongRun", t."OriginalDate", t."OriginalType", t."PlanId", t."PlanVersion", t."PlannedDistanceKm", t."PlannedDurationMin", t."PlannedPaceMinKm", t."Source", t."Status", t."Title", t."UpdatedAt", t."WeekId", t1."Id", t1."ActualVolumeKm", t1."CatalogPhaseKey", t1."CreatedAt", t1."IsRecoveryWeek", t1."PlanId", t1."PlannedVolumeKm", t1."StartDate", t1."WeekNumber", t1."WeekType"&#xD;
      FROM "TrainingDays" AS t&#xD;
      INNER JOIN "TrainingPlans" AS t0 ON t."PlanId" = t0."Id"&#xD;
      INNER JOIN "TrainingWeeks" AS t1 ON t."WeekId" = t1."Id"&#xD;
      WHERE t."Id" = @__trainingDayId_0 AND t0."InternalUserId" = @__internalUserId_1&#xD;
      LIMIT 1&#xD;
info: RunningApp.Api.Logging.RequestLoggingMiddleware[0]&#xD;
      [e58ddc0ee16c437d8cfd85a022e34d50] GET /api/v1/training-days/e468ddd9-9774-4c2a-bc36-0bbc055611d3 -&gt; 200 in 26ms (user=mock-user-001)&#xD;
info: Microsoft.EntityFrameworkCore.Database.Command[20101]&#xD;
      Executed DbCommand (1ms) [Parameters=[@__firebaseUid_0='?'], CommandType='Text', CommandTimeout='30']&#xD;
      SELECT u."Id", u."CreatedAt", u."DisplayName", u."Email", u."EmailVerified", u."ExternalAuthProvider", u."ExternalUserId", u."PhotoUrl", u."UpdatedAt", u0."Id", u0."CreatedAt", u0."InternalUserId", u0."Unit", u0."UpdatedAt"&#xD;
      FROM "Users" AS u&#xD;
      LEFT JOIN "UserProfiles" AS u0 ON u."Id" = u0."InternalUserId"&#xD;
      WHERE u."ExternalAuthProvider" = 'firebase' AND u."ExternalUserId" = @__firebaseUid_0&#xD;
      LIMIT 1&#xD;
info: Microsoft.EntityFrameworkCore.Database.Command[20101]&#xD;
      Executed DbCommand (2ms) [Parameters=[@__trainingDayId_0='?' (DbType = Guid), @__internalUserId_1='?' (DbType = Guid)], CommandType='Text', CommandTimeout='30']&#xD;
      SELECT t."Id", t."ActualDistanceKm", t."ActualDurationMin", t."ActualPaceMinKm", t."AdaptedFromId", t."CanMarkComplete", t."CanMarkNotToday", t."CatalogIntensityKey", t."CatalogPhaseKey", t."CatalogPrescriptionJson", t."CatalogPrescriptionSchemaVersion", t."CatalogProgressionStageKey", t."CatalogSlotRole", t."CatalogStageKey", t."CatalogStructuralRole", t."CatalogWorkoutDefinitionKey", t."CatalogWorkoutDefinitionVersion", t."CatalogWorkoutFamily", t."CatalogWorkoutKey", t."CatalogWorkoutVersion", t."CompletedAt", t."CreatedAt", t."Date", t."DayType", t."Description", t."GenerationSource", t."Intensity", t."IsLongRun", t."OriginalDate", t."OriginalType", t."PlanId", t."PlanVersion", t."PlannedDistanceKm", t."PlannedDurationMin", t."PlannedPaceMinKm", t."Source", t."Status", t."Title", t."UpdatedAt", t."WeekId", t1."Id", t1."ActualVolumeKm", t1."CatalogPhaseKey", t1."CreatedAt", t1."IsRecoveryWeek", t1."PlanId", t1."PlannedVolumeKm", t1."StartDate", t1."WeekNumber", t1."WeekType"&#xD;
      FROM "TrainingDays" AS t&#xD;
      INNER JOIN "TrainingPlans" AS t0 ON t."PlanId" = t0."Id"&#xD;
      INNER JOIN "TrainingWeeks" AS t1 ON t."WeekId" = t1."Id"&#xD;
      WHERE t."Id" = @__trainingDayId_0 AND t0."InternalUserId" = @__internalUserId_1&#xD;
      LIMIT 1&#xD;
info: RunningApp.Api.Logging.RequestLoggingMiddleware[0]&#xD;
      [2bd8d7abc8234601bce56193573d6359] GET /api/v1/training-days/95671671-5fd8-4c02-a9c0-98f04e6b98fa -&gt; 200 in 5ms (user=mock-user-001)&#xD;
info: Microsoft.EntityFrameworkCore.Database.Command[20101]&#xD;
      Executed DbCommand (1ms) [Parameters=[@__firebaseUid_0='?'], CommandType='Text', CommandTimeout='30']&#xD;
      SELECT u."Id", u."CreatedAt", u."DisplayName", u."Email", u."EmailVerified", u."ExternalAuthProvider", u."ExternalUserId", u."PhotoUrl", u."UpdatedAt", u0."Id", u0."CreatedAt", u0."InternalUserId", u0."Unit", u0."UpdatedAt"&#xD;
      FROM "Users" AS u&#xD;
      LEFT JOIN "UserProfiles" AS u0 ON u."Id" = u0."InternalUserId"&#xD;
      WHERE u."ExternalAuthProvider" = 'firebase' AND u."ExternalUserId" = @__firebaseUid_0&#xD;
      LIMIT 1&#xD;
info: Microsoft.EntityFrameworkCore.Database.Command[20101]&#xD;
      Executed DbCommand (3ms) [Parameters=[@__trainingDayId_0='?' (DbType = Guid), @__internalUserId_1='?' (DbType = Guid)], CommandType='Text', CommandTimeout='30']&#xD;
      SELECT t."Id", t."ActualDistanceKm", t."ActualDurationMin", t."ActualPaceMinKm", t."AdaptedFromId", t."CanMarkComplete", t."CanMarkNotToday", t."CatalogIntensityKey", t."CatalogPhaseKey", t."CatalogPrescriptionJson", t."CatalogPrescriptionSchemaVersion", t."CatalogProgressionStageKey", t."CatalogSlotRole", t."CatalogStageKey", t."CatalogStructuralRole", t."CatalogWorkoutDefinitionKey", t."CatalogWorkoutDefinitionVersion", t."CatalogWorkoutFamily", t."CatalogWorkoutKey", t."CatalogWorkoutVersion", t."CompletedAt", t."CreatedAt", t."Date", t."DayType", t."Description", t."GenerationSource", t."Intensity", t."IsLongRun", t."OriginalDate", t."OriginalType", t."PlanId", t."PlanVersion", t."PlannedDistanceKm", t."PlannedDurationMin", t."PlannedPaceMinKm", t."Source", t."Status", t."Title", t."UpdatedAt", t."WeekId", t1."Id", t1."ActualVolumeKm", t1."CatalogPhaseKey", t1."CreatedAt", t1."IsRecoveryWeek", t1."PlanId", t1."PlannedVolumeKm", t1."StartDate", t1."WeekNumber", t1."WeekType"&#xD;
      FROM "TrainingDays" AS t&#xD;
      INNER JOIN "TrainingPlans" AS t0 ON t."PlanId" = t0."Id"&#xD;
      INNER JOIN "TrainingWeeks" AS t1 ON t."WeekId" = t1."Id"&#xD;
      WHERE t."Id" = @__trainingDayId_0 AND t0."InternalUserId" = @__internalUserId_1&#xD;
      LIMIT 1&#xD;
info: RunningApp.Api.Logging.RequestLoggingMiddleware[0]&#xD;
      [cf196a678d304490952b93d09293d619] GET /api/v1/training-days/eed87c19-9b3a-4480-8e01-73547ba4c929 -&gt; 200 in 7ms (user=mock-user-001)&#xD;
info: Microsoft.EntityFrameworkCore.Database.Command[20101]&#xD;
      Executed DbCommand (2ms) [Parameters=[@__firebaseUid_0='?'], CommandType='Text', CommandTimeout='30']&#xD;
      SELECT u."Id", u."CreatedAt", u."DisplayName", u."Email", u."EmailVerified", u."ExternalAuthProvider", u."ExternalUserId", u."PhotoUrl", u."UpdatedAt", u0."Id", u0."CreatedAt", u0."InternalUserId", u0."Unit", u0."UpdatedAt"&#xD;
      FROM "Users" AS u&#xD;
      LEFT JOIN "UserProfiles" AS u0 ON u."Id" = u0."InternalUserId"&#xD;
      WHERE u."ExternalAuthProvider" = 'firebase' AND u."ExternalUserId" = @__firebaseUid_0&#xD;
      LIMIT 1&#xD;
info: Microsoft.EntityFrameworkCore.Database.Command[20101]&#xD;
      Executed DbCommand (2ms) [Parameters=[@__trainingDayId_0='?' (DbType = Guid), @__internalUserId_1='?' (DbType = Guid)], CommandType='Text', CommandTimeout='30']&#xD;
      SELECT t."Id", t."ActualDistanceKm", t."ActualDurationMin", t."ActualPaceMinKm", t."AdaptedFromId", t."CanMarkComplete", t."CanMarkNotToday", t."CatalogIntensityKey", t."CatalogPhaseKey", t."CatalogPrescriptionJson", t."CatalogPrescriptionSchemaVersion", t."CatalogProgressionStageKey", t."CatalogSlotRole", t."CatalogStageKey", t."CatalogStructuralRole", t."CatalogWorkoutDefinitionKey", t."CatalogWorkoutDefinitionVersion", t."CatalogWorkoutFamily", t."CatalogWorkoutKey", t."CatalogWorkoutVersion", t."CompletedAt", t."CreatedAt", t."Date", t."DayType", t."Description", t."GenerationSource", t."Intensity", t."IsLongRun", t."OriginalDate", t."OriginalType", t."PlanId", t."PlanVersion", t."PlannedDistanceKm", t."PlannedDurationMin", t."PlannedPaceMinKm", t."Source", t."Status", t."Title", t."UpdatedAt", t."WeekId", t1."Id", t1."ActualVolumeKm", t1."CatalogPhaseKey", t1."CreatedAt", t1."IsRecoveryWeek", t1."PlanId", t1."PlannedVolumeKm", t1."StartDate", t1."WeekNumber", t1."WeekType"&#xD;
      FROM "TrainingDays" AS t&#xD;
      INNER JOIN "TrainingPlans" AS t0 ON t."PlanId" = t0."Id"&#xD;
      INNER JOIN "TrainingWeeks" AS t1 ON t."WeekId" = t1."Id"&#xD;
      WHERE t."Id" = @__trainingDayId_0 AND t0."InternalUserId" = @__internalUserId_1&#xD;
      LIMIT 1&#xD;
info: Microsoft.EntityFrameworkCore.Database.Command[20101]&#xD;
      Executed DbCommand (2ms) [Parameters=[@__week_Id_0='?' (DbType = Guid), @__day_Id_1='?' (DbType = Guid)], CommandType='Text', CommandTimeout='30']&#xD;
      SELECT t."Id", t."ActualDistanceKm", t."ActualDurationMin", t."ActualPaceMinKm", t."AdaptedFromId", t."CanMarkComplete", t."CanMarkNotToday", t."CatalogIntensityKey", t."CatalogPhaseKey", t."CatalogPrescriptionJson", t."CatalogPrescriptionSchemaVersion", t."CatalogProgressionStageKey", t."CatalogSlotRole", t."CatalogStageKey", t."CatalogStructuralRole", t."CatalogWorkoutDefinitionKey", t."CatalogWorkoutDefinitionVersion", t."CatalogWorkoutFamily", t."CatalogWorkoutKey", t."CatalogWorkoutVersion", t."CompletedAt", t."CreatedAt", t."Date", t."DayType", t."Description", t."GenerationSource", t."Intensity", t."IsLongRun", t."OriginalDate", t."OriginalType", t."PlanId", t."PlanVersion", t."PlannedDistanceKm", t."PlannedDurationMin", t."PlannedPaceMinKm", t."Source", t."Status", t."Title", t."UpdatedAt", t."WeekId"&#xD;
      FROM "TrainingDays" AS t&#xD;
      WHERE t."WeekId" = @__week_Id_0 AND t."Status" = 'completed' AND t."Id" &lt;&gt; @__day_Id_1&#xD;
info: Microsoft.EntityFrameworkCore.Database.Command[20101]&#xD;
      Executed DbCommand (5ms) [Parameters=[@p0='?' (DbType = Guid), @p1='?' (DbType = DateTime), @p2='?', @p3='?' (DbType = Guid), @p4='?', @p5='?' (DbType = Guid), @p6='?' (DbType = Guid), @p14='?' (DbType = Guid), @p7='?' (DbType = Double), @p8='?' (DbType = Int32), @p9='?' (DbType = Boolean), @p10='?' (DbType = Boolean), @p11='?' (DbType = DateTime), @p12='?', @p13='?' (DbType = DateTime), @p16='?' (DbType = Guid), @p15='?' (DbType = Double), @p17='?' (DbType = Guid), @p18='?' (DbType = Double), @p19='?' (DbType = Int32), @p20='?' (DbType = DateTime), @p21='?' (DbType = Guid), @p22='?' (DbType = Guid), @p23='?', @p24='?' (DbType = Guid), @p25='?'], CommandType='Text', CommandTimeout='30']&#xD;
      INSERT INTO "PlanEvents" ("Id", "CreatedAt", "EventType", "InternalUserId", "PayloadJson", "PlanId", "TrainingDayId")&#xD;
      VALUES (@p0, @p1, @p2, @p3, @p4, @p5, @p6);&#xD;
      UPDATE "TrainingDays" SET "ActualDistanceKm" = @p7, "ActualDurationMin" = @p8, "CanMarkComplete" = @p9, "CanMarkNotToday" = @p10, "CompletedAt" = @p11, "Status" = @p12, "UpdatedAt" = @p13&#xD;
      WHERE "Id" = @p14;&#xD;
      UPDATE "TrainingWeeks" SET "ActualVolumeKm" = @p15&#xD;
      WHERE "Id" = @p16;&#xD;
      INSERT INTO "WorkoutLogs" ("Id", "ActualDistanceKm", "ActualDurationMin", "CreatedAt", "InternalUserId", "PlanId", "Result", "TrainingDayId", "UserNote")&#xD;
      VALUES (@p17, @p18, @p19, @p20, @p21, @p22, @p23, @p24, @p25);&#xD;
info: RunningApp.Api.Logging.RequestLoggingMiddleware[0]&#xD;
      [fc6cb9b7ea3f47d9b30c1566d8b89d1e] POST /api/v1/training-days/9b2de82e-a636-4e16-b524-da1dbcb927e1/complete -&gt; 200 in 91ms (user=mock-user-001)&#xD;
info: Microsoft.EntityFrameworkCore.Database.Command[20101]&#xD;
      Executed DbCommand (2ms) [Parameters=[@__completed_Id_0='?' (DbType = Guid)], CommandType='Text', CommandTimeout='30']&#xD;
      SELECT t."Id", t."ActualDistanceKm", t."ActualDurationMin", t."ActualPaceMinKm", t."AdaptedFromId", t."CanMarkComplete", t."CanMarkNotToday", t."CatalogIntensityKey", t."CatalogPhaseKey", t."CatalogPrescriptionJson", t."CatalogPrescriptionSchemaVersion", t."CatalogProgressionStageKey", t."CatalogSlotRole", t."CatalogStageKey", t."CatalogStructuralRole", t."CatalogWorkoutDefinitionKey", t."CatalogWorkoutDefinitionVersion", t."CatalogWorkoutFamily", t."CatalogWorkoutKey", t."CatalogWorkoutVersion", t."CompletedAt", t."CreatedAt", t."Date", t."DayType", t."Description", t."GenerationSource", t."Intensity", t."IsLongRun", t."OriginalDate", t."OriginalType", t."PlanId", t."PlanVersion", t."PlannedDistanceKm", t."PlannedDurationMin", t."PlannedPaceMinKm", t."Source", t."Status", t."Title", t."UpdatedAt", t."WeekId"&#xD;
      FROM "TrainingDays" AS t&#xD;
      WHERE t."Id" = @__completed_Id_0&#xD;
      LIMIT 2&#xD;
[xUnit.net 00:00:58.93]   Finished:    RunningApp.IntegrationTests&#xD;
</StdOut>
    </Output>
  </ResultSummary>
</TestRun>